2014-04-03 16:45:57,371 - Log4JLogChute initialized using file 'velocity.log'
2014-04-03 16:45:57,372 - Starting Apache Velocity v1.6.2 (compiled: 2009-02-19 16:29:46)
2014-04-03 16:45:57,372 - Default Properties File: org\apache\velocity\runtime\defaults\velocity.properties
2014-04-03 16:45:57,372 - Trying to use logger class org.apache.velocity.runtime.log.AvalonLogChute
2014-04-03 16:45:57,372 - Target log system for org.apache.velocity.runtime.log.AvalonLogChute is not available (java.lang.NoClassDefFoundError: org/apache/log/format/Formatter).  Falling back to next log system...
2014-04-03 16:45:57,372 - Trying to use logger class org.apache.velocity.runtime.log.Log4JLogChute
2014-04-03 16:45:57,372 - Using logger class org.apache.velocity.runtime.log.Log4JLogChute
2014-04-03 16:45:57,375 - ResourceLoader instantiated: org.apache.velocity.runtime.resource.loader.ClasspathResourceLoader
2014-04-03 16:45:57,381 - ResourceCache: initialized (class org.apache.velocity.runtime.resource.ResourceCacheImpl) with class java.util.Collections$SynchronizedMap cache map.
2014-04-03 16:45:57,382 - Loaded System Directive: org.apache.velocity.runtime.directive.Define
2014-04-03 16:45:57,382 - Loaded System Directive: org.apache.velocity.runtime.directive.Break
2014-04-03 16:45:57,383 - Loaded System Directive: org.apache.velocity.runtime.directive.Evaluate
2014-04-03 16:45:57,383 - Loaded System Directive: org.apache.velocity.runtime.directive.Literal
2014-04-03 16:45:57,384 - Loaded System Directive: org.apache.velocity.runtime.directive.Macro
2014-04-03 16:45:57,385 - Loaded System Directive: org.apache.velocity.runtime.directive.Parse
2014-04-03 16:45:57,386 - Loaded System Directive: org.apache.velocity.runtime.directive.Include
2014-04-03 16:45:57,387 - Loaded System Directive: org.apache.velocity.runtime.directive.Foreach
2014-04-03 16:45:57,461 - Created '20' parsers.
2014-04-03 16:45:57,466 - Velocimacro : "velocimacro.library" is not set.  Trying default library: VM_global_library.vm
2014-04-03 16:45:57,467 - Could not load resource 'VM_global_library.vm' from ResourceLoader org.apache.velocity.runtime.resource.loader.ClasspathResourceLoader: 
org.apache.velocity.exception.ResourceNotFoundException: ClasspathResourceLoader Error: cannot find resource VM_global_library.vm
	at org.apache.velocity.runtime.resource.loader.ClasspathResourceLoader.getResourceStream(ClasspathResourceLoader.java:131)
	at org.apache.velocity.runtime.resource.loader.ResourceLoader.resourceExists(ResourceLoader.java:224)
	at org.apache.velocity.runtime.resource.ResourceManagerImpl.getLoaderForResource(ResourceManagerImpl.java:641)
	at org.apache.velocity.runtime.resource.ResourceManagerImpl.getLoaderNameForResource(ResourceManagerImpl.java:624)
	at org.apache.velocity.runtime.RuntimeInstance.getLoaderNameForResource(RuntimeInstance.java:1464)
	at org.apache.velocity.runtime.VelocimacroFactory.initVelocimacro(VelocimacroFactory.java:159)
	at org.apache.velocity.runtime.RuntimeInstance.init(RuntimeInstance.java:261)
	at org.apache.velocity.runtime.RuntimeInstance.init(RuntimeInstance.java:589)
	at org.apache.velocity.app.VelocityEngine.init(VelocityEngine.java:135)
	at com.sogou.upd.passport.common.utils.MailUtils.getMailBody(MailUtils.java:95)
	at com.sogou.upd.passport.common.utils.MailUtils.sendEmail(MailUtils.java:62)
	at com.sogou.upd.passport.service.account.impl.AccountServiceImpl.sendActiveEmail(AccountServiceImpl.java:313)
	at com.sogou.upd.passport.manager.api.account.impl.SGRegisterApiManagerImpl.regMailUser(SGRegisterApiManagerImpl.java:71)
	at com.sogou.upd.passport.manager.api.account.impl.RegisterApiManagerTest.testRegMailUser_1(RegisterApiManagerTest.java:123)
	at sun.reflect.NativeMethodAccessorImpl.invoke0(Native Method)
	at sun.reflect.NativeMethodAccessorImpl.invoke(NativeMethodAccessorImpl.java:57)
	at sun.reflect.DelegatingMethodAccessorImpl.invoke(DelegatingMethodAccessorImpl.java:43)
	at java.lang.reflect.Method.invoke(Method.java:601)
	at org.junit.runners.model.FrameworkMethod$1.runReflectiveCall(FrameworkMethod.java:44)
	at org.junit.internal.runners.model.ReflectiveCallable.run(ReflectiveCallable.java:15)
	at org.junit.runners.model.FrameworkMethod.invokeExplosively(FrameworkMethod.java:41)
	at org.junit.internal.runners.statements.InvokeMethod.evaluate(InvokeMethod.java:20)
	at org.springframework.test.context.junit4.statements.RunBeforeTestMethodCallbacks.evaluate(RunBeforeTestMethodCallbacks.java:74)
	at org.springframework.test.context.junit4.statements.RunAfterTestMethodCallbacks.evaluate(RunAfterTestMethodCallbacks.java:83)
	at org.springframework.test.context.junit4.statements.SpringRepeat.evaluate(SpringRepeat.java:72)
	at org.springframework.test.context.junit4.SpringJUnit4ClassRunner.runChild(SpringJUnit4ClassRunner.java:231)
	at org.junit.runners.BlockJUnit4ClassRunner.runChild(BlockJUnit4ClassRunner.java:49)
	at org.junit.runners.ParentRunner$3.run(ParentRunner.java:193)
	at org.junit.runners.ParentRunner$1.schedule(ParentRunner.java:52)
	at org.junit.runners.ParentRunner.runChildren(ParentRunner.java:191)
	at org.junit.runners.ParentRunner.access$000(ParentRunner.java:42)
	at org.junit.runners.ParentRunner$2.evaluate(ParentRunner.java:184)
	at org.springframework.test.context.junit4.statements.RunBeforeTestClassCallbacks.evaluate(RunBeforeTestClassCallbacks.java:61)
	at org.springframework.test.context.junit4.statements.RunAfterTestClassCallbacks.evaluate(RunAfterTestClassCallbacks.java:71)
	at org.junit.runners.ParentRunner.run(ParentRunner.java:236)
	at org.springframework.test.context.junit4.SpringJUnit4ClassRunner.run(SpringJUnit4ClassRunner.java:174)
	at org.junit.runner.JUnitCore.run(JUnitCore.java:157)
	at com.intellij.junit4.JUnit4IdeaTestRunner.startRunnerWithArgs(JUnit4IdeaTestRunner.java:76)
	at com.intellij.rt.execution.junit.JUnitStarter.prepareStreamsAndStart(JUnitStarter.java:195)
	at com.intellij.rt.execution.junit.JUnitStarter.main(JUnitStarter.java:63)
	at sun.reflect.NativeMethodAccessorImpl.invoke0(Native Method)
	at sun.reflect.NativeMethodAccessorImpl.invoke(NativeMethodAccessorImpl.java:57)
	at sun.reflect.DelegatingMethodAccessorImpl.invoke(DelegatingMethodAccessorImpl.java:43)
	at java.lang.reflect.Method.invoke(Method.java:601)
	at com.intellij.rt.execution.application.AppMain.main(AppMain.java:120)
2014-04-03 16:45:57,468 - Velocimacro : Default library not found.
2014-04-03 16:45:57,468 - Velocimacro : allowInline = true : VMs can be defined inline in templates
2014-04-03 16:45:57,468 - Velocimacro : allowInlineToOverride = false : VMs defined inline may NOT replace previous VM definitions
2014-04-03 16:45:57,468 - Velocimacro : allowInlineLocal = false : VMs defined inline will be global in scope if allowed.
2014-04-03 16:45:57,468 - Velocimacro : autoload off : VM system will not automatically reload global library macros
2014-04-03 16:45:57,469 - ResourceManager : unable to find resource 'activemail.vm' in any resource loader.
2014-04-04 16:09:09,815 - Log4JLogChute initialized using file 'velocity.log'
2014-04-04 16:09:09,815 - Starting Apache Velocity v1.6.2 (compiled: 2009-02-19 16:29:46)
2014-04-04 16:09:09,815 - Default Properties File: org\apache\velocity\runtime\defaults\velocity.properties
2014-04-04 16:09:09,815 - Trying to use logger class org.apache.velocity.runtime.log.AvalonLogChute
2014-04-04 16:09:09,815 - Target log system for org.apache.velocity.runtime.log.AvalonLogChute is not available (java.lang.NoClassDefFoundError: org/apache/log/format/Formatter).  Falling back to next log system...
2014-04-04 16:09:09,815 - Trying to use logger class org.apache.velocity.runtime.log.Log4JLogChute
2014-04-04 16:09:09,815 - Using logger class org.apache.velocity.runtime.log.Log4JLogChute
2014-04-04 16:09:09,819 - ResourceLoader instantiated: org.apache.velocity.runtime.resource.loader.ClasspathResourceLoader
2014-04-04 16:09:09,825 - ResourceCache: initialized (class org.apache.velocity.runtime.resource.ResourceCacheImpl) with class java.util.Collections$SynchronizedMap cache map.
2014-04-04 16:09:09,826 - Loaded System Directive: org.apache.velocity.runtime.directive.Define
2014-04-04 16:09:09,826 - Loaded System Directive: org.apache.velocity.runtime.directive.Break
2014-04-04 16:09:09,827 - Loaded System Directive: org.apache.velocity.runtime.directive.Evaluate
2014-04-04 16:09:09,828 - Loaded System Directive: org.apache.velocity.runtime.directive.Literal
2014-04-04 16:09:09,829 - Loaded System Directive: org.apache.velocity.runtime.directive.Macro
2014-04-04 16:09:09,830 - Loaded System Directive: org.apache.velocity.runtime.directive.Parse
2014-04-04 16:09:09,831 - Loaded System Directive: org.apache.velocity.runtime.directive.Include
2014-04-04 16:09:09,831 - Loaded System Directive: org.apache.velocity.runtime.directive.Foreach
2014-04-04 16:09:09,904 - Created '20' parsers.
2014-04-04 16:09:09,908 - Velocimacro : "velocimacro.library" is not set.  Trying default library: VM_global_library.vm
2014-04-04 16:09:09,909 - Could not load resource 'VM_global_library.vm' from ResourceLoader org.apache.velocity.runtime.resource.loader.ClasspathResourceLoader: 
org.apache.velocity.exception.ResourceNotFoundException: ClasspathResourceLoader Error: cannot find resource VM_global_library.vm
	at org.apache.velocity.runtime.resource.loader.ClasspathResourceLoader.getResourceStream(ClasspathResourceLoader.java:131)
	at org.apache.velocity.runtime.resource.loader.ResourceLoader.resourceExists(ResourceLoader.java:224)
	at org.apache.velocity.runtime.resource.ResourceManagerImpl.getLoaderForResource(ResourceManagerImpl.java:641)
	at org.apache.velocity.runtime.resource.ResourceManagerImpl.getLoaderNameForResource(ResourceManagerImpl.java:624)
	at org.apache.velocity.runtime.RuntimeInstance.getLoaderNameForResource(RuntimeInstance.java:1464)
	at org.apache.velocity.runtime.VelocimacroFactory.initVelocimacro(VelocimacroFactory.java:159)
	at org.apache.velocity.runtime.RuntimeInstance.init(RuntimeInstance.java:261)
	at org.apache.velocity.runtime.RuntimeInstance.init(RuntimeInstance.java:589)
	at org.apache.velocity.app.VelocityEngine.init(VelocityEngine.java:135)
	at com.sogou.upd.passport.common.utils.MailUtils.getMailBody(MailUtils.java:95)
	at com.sogou.upd.passport.common.utils.MailUtils.sendEmail(MailUtils.java:62)
	at com.sogou.upd.passport.service.account.impl.AccountServiceImpl.sendActiveEmail(AccountServiceImpl.java:313)
	at com.sogou.upd.passport.manager.api.account.impl.SGRegisterApiManagerImpl.regMailUser(SGRegisterApiManagerImpl.java:71)
	at com.sogou.upd.passport.manager.api.account.impl.RegisterApiManagerTest.testRegMailUser_1(RegisterApiManagerTest.java:133)
	at sun.reflect.NativeMethodAccessorImpl.invoke0(Native Method)
	at sun.reflect.NativeMethodAccessorImpl.invoke(NativeMethodAccessorImpl.java:57)
	at sun.reflect.DelegatingMethodAccessorImpl.invoke(DelegatingMethodAccessorImpl.java:43)
	at java.lang.reflect.Method.invoke(Method.java:601)
	at org.junit.runners.model.FrameworkMethod$1.runReflectiveCall(FrameworkMethod.java:44)
	at org.junit.internal.runners.model.ReflectiveCallable.run(ReflectiveCallable.java:15)
	at org.junit.runners.model.FrameworkMethod.invokeExplosively(FrameworkMethod.java:41)
	at org.junit.internal.runners.statements.InvokeMethod.evaluate(InvokeMethod.java:20)
	at org.springframework.test.context.junit4.statements.RunBeforeTestMethodCallbacks.evaluate(RunBeforeTestMethodCallbacks.java:74)
	at org.springframework.test.context.junit4.statements.RunAfterTestMethodCallbacks.evaluate(RunAfterTestMethodCallbacks.java:83)
	at org.springframework.test.context.junit4.statements.SpringRepeat.evaluate(SpringRepeat.java:72)
	at org.springframework.test.context.junit4.SpringJUnit4ClassRunner.runChild(SpringJUnit4ClassRunner.java:231)
	at org.junit.runners.BlockJUnit4ClassRunner.runChild(BlockJUnit4ClassRunner.java:49)
	at org.junit.runners.ParentRunner$3.run(ParentRunner.java:193)
	at org.junit.runners.ParentRunner$1.schedule(ParentRunner.java:52)
	at org.junit.runners.ParentRunner.runChildren(ParentRunner.java:191)
	at org.junit.runners.ParentRunner.access$000(ParentRunner.java:42)
	at org.junit.runners.ParentRunner$2.evaluate(ParentRunner.java:184)
	at org.springframework.test.context.junit4.statements.RunBeforeTestClassCallbacks.evaluate(RunBeforeTestClassCallbacks.java:61)
	at org.springframework.test.context.junit4.statements.RunAfterTestClassCallbacks.evaluate(RunAfterTestClassCallbacks.java:71)
	at org.junit.runners.ParentRunner.run(ParentRunner.java:236)
	at org.springframework.test.context.junit4.SpringJUnit4ClassRunner.run(SpringJUnit4ClassRunner.java:174)
	at org.junit.runner.JUnitCore.run(JUnitCore.java:157)
	at com.intellij.junit4.JUnit4IdeaTestRunner.startRunnerWithArgs(JUnit4IdeaTestRunner.java:76)
	at com.intellij.rt.execution.junit.JUnitStarter.prepareStreamsAndStart(JUnitStarter.java:195)
	at com.intellij.rt.execution.junit.JUnitStarter.main(JUnitStarter.java:63)
	at sun.reflect.NativeMethodAccessorImpl.invoke0(Native Method)
	at sun.reflect.NativeMethodAccessorImpl.invoke(NativeMethodAccessorImpl.java:57)
	at sun.reflect.DelegatingMethodAccessorImpl.invoke(DelegatingMethodAccessorImpl.java:43)
	at java.lang.reflect.Method.invoke(Method.java:601)
	at com.intellij.rt.execution.application.AppMain.main(AppMain.java:120)
2014-04-04 16:09:09,910 - Velocimacro : Default library not found.
2014-04-04 16:09:09,910 - Velocimacro : allowInline = true : VMs can be defined inline in templates
2014-04-04 16:09:09,910 - Velocimacro : allowInlineToOverride = false : VMs defined inline may NOT replace previous VM definitions
2014-04-04 16:09:09,910 - Velocimacro : allowInlineLocal = false : VMs defined inline will be global in scope if allowed.
2014-04-04 16:09:09,910 - Velocimacro : autoload off : VM system will not automatically reload global library macros
2014-04-04 16:09:09,911 - ResourceManager : unable to find resource 'activemail.vm' in any resource loader.
2014-04-04 16:17:31,040 - Log4JLogChute initialized using file 'velocity.log'
2014-04-04 16:17:31,040 - Starting Apache Velocity v1.6.2 (compiled: 2009-02-19 16:29:46)
2014-04-04 16:17:31,040 - Default Properties File: org\apache\velocity\runtime\defaults\velocity.properties
2014-04-04 16:17:31,040 - Trying to use logger class org.apache.velocity.runtime.log.AvalonLogChute
2014-04-04 16:17:31,040 - Target log system for org.apache.velocity.runtime.log.AvalonLogChute is not available (java.lang.NoClassDefFoundError: org/apache/log/format/Formatter).  Falling back to next log system...
2014-04-04 16:17:31,040 - Trying to use logger class org.apache.velocity.runtime.log.Log4JLogChute
2014-04-04 16:17:31,040 - Using logger class org.apache.velocity.runtime.log.Log4JLogChute
2014-04-04 16:17:31,043 - ResourceLoader instantiated: org.apache.velocity.runtime.resource.loader.ClasspathResourceLoader
2014-04-04 16:17:31,049 - ResourceCache: initialized (class org.apache.velocity.runtime.resource.ResourceCacheImpl) with class java.util.Collections$SynchronizedMap cache map.
2014-04-04 16:17:31,050 - Loaded System Directive: org.apache.velocity.runtime.directive.Define
2014-04-04 16:17:31,050 - Loaded System Directive: org.apache.velocity.runtime.directive.Break
2014-04-04 16:17:31,051 - Loaded System Directive: org.apache.velocity.runtime.directive.Evaluate
2014-04-04 16:17:31,051 - Loaded System Directive: org.apache.velocity.runtime.directive.Literal
2014-04-04 16:17:31,052 - Loaded System Directive: org.apache.velocity.runtime.directive.Macro
2014-04-04 16:17:31,053 - Loaded System Directive: org.apache.velocity.runtime.directive.Parse
2014-04-04 16:17:31,054 - Loaded System Directive: org.apache.velocity.runtime.directive.Include
2014-04-04 16:17:31,054 - Loaded System Directive: org.apache.velocity.runtime.directive.Foreach
2014-04-04 16:17:31,077 - Created '20' parsers.
2014-04-04 16:17:31,082 - Velocimacro : "velocimacro.library" is not set.  Trying default library: VM_global_library.vm
2014-04-04 16:17:31,083 - Could not load resource 'VM_global_library.vm' from ResourceLoader org.apache.velocity.runtime.resource.loader.ClasspathResourceLoader: 
org.apache.velocity.exception.ResourceNotFoundException: ClasspathResourceLoader Error: cannot find resource VM_global_library.vm
	at org.apache.velocity.runtime.resource.loader.ClasspathResourceLoader.getResourceStream(ClasspathResourceLoader.java:131)
	at org.apache.velocity.runtime.resource.loader.ResourceLoader.resourceExists(ResourceLoader.java:224)
	at org.apache.velocity.runtime.resource.ResourceManagerImpl.getLoaderForResource(ResourceManagerImpl.java:641)
	at org.apache.velocity.runtime.resource.ResourceManagerImpl.getLoaderNameForResource(ResourceManagerImpl.java:624)
	at org.apache.velocity.runtime.RuntimeInstance.getLoaderNameForResource(RuntimeInstance.java:1464)
	at org.apache.velocity.runtime.VelocimacroFactory.initVelocimacro(VelocimacroFactory.java:159)
	at org.apache.velocity.runtime.RuntimeInstance.init(RuntimeInstance.java:261)
	at org.apache.velocity.runtime.RuntimeInstance.init(RuntimeInstance.java:589)
	at org.apache.velocity.app.VelocityEngine.init(VelocityEngine.java:135)
	at com.sogou.upd.passport.common.utils.MailUtils.getMailBody(MailUtils.java:95)
	at com.sogou.upd.passport.common.utils.MailUtils.sendEmail(MailUtils.java:62)
	at com.sogou.upd.passport.service.account.impl.AccountServiceImpl.sendActiveEmail(AccountServiceImpl.java:313)
	at com.sogou.upd.passport.manager.api.account.impl.SGRegisterApiManagerImpl.regMailUser(SGRegisterApiManagerImpl.java:71)
	at com.sogou.upd.passport.manager.api.account.impl.RegisterApiManagerTest.testRegMailUser_1(RegisterApiManagerTest.java:127)
	at sun.reflect.NativeMethodAccessorImpl.invoke0(Native Method)
	at sun.reflect.NativeMethodAccessorImpl.invoke(NativeMethodAccessorImpl.java:57)
	at sun.reflect.DelegatingMethodAccessorImpl.invoke(DelegatingMethodAccessorImpl.java:43)
	at java.lang.reflect.Method.invoke(Method.java:601)
	at org.junit.runners.model.FrameworkMethod$1.runReflectiveCall(FrameworkMethod.java:44)
	at org.junit.internal.runners.model.ReflectiveCallable.run(ReflectiveCallable.java:15)
	at org.junit.runners.model.FrameworkMethod.invokeExplosively(FrameworkMethod.java:41)
	at org.junit.internal.runners.statements.InvokeMethod.evaluate(InvokeMethod.java:20)
	at org.springframework.test.context.junit4.statements.RunBeforeTestMethodCallbacks.evaluate(RunBeforeTestMethodCallbacks.java:74)
	at org.springframework.test.context.junit4.statements.RunAfterTestMethodCallbacks.evaluate(RunAfterTestMethodCallbacks.java:83)
	at org.springframework.test.context.junit4.statements.SpringRepeat.evaluate(SpringRepeat.java:72)
	at org.springframework.test.context.junit4.SpringJUnit4ClassRunner.runChild(SpringJUnit4ClassRunner.java:231)
	at org.junit.runners.BlockJUnit4ClassRunner.runChild(BlockJUnit4ClassRunner.java:49)
	at org.junit.runners.ParentRunner$3.run(ParentRunner.java:193)
	at org.junit.runners.ParentRunner$1.schedule(ParentRunner.java:52)
	at org.junit.runners.ParentRunner.runChildren(ParentRunner.java:191)
	at org.junit.runners.ParentRunner.access$000(ParentRunner.java:42)
	at org.junit.runners.ParentRunner$2.evaluate(ParentRunner.java:184)
	at org.springframework.test.context.junit4.statements.RunBeforeTestClassCallbacks.evaluate(RunBeforeTestClassCallbacks.java:61)
	at org.springframework.test.context.junit4.statements.RunAfterTestClassCallbacks.evaluate(RunAfterTestClassCallbacks.java:71)
	at org.junit.runners.ParentRunner.run(ParentRunner.java:236)
	at org.springframework.test.context.junit4.SpringJUnit4ClassRunner.run(SpringJUnit4ClassRunner.java:174)
	at org.junit.runner.JUnitCore.run(JUnitCore.java:157)
	at com.intellij.junit4.JUnit4IdeaTestRunner.startRunnerWithArgs(JUnit4IdeaTestRunner.java:76)
	at com.intellij.rt.execution.junit.JUnitStarter.prepareStreamsAndStart(JUnitStarter.java:195)
	at com.intellij.rt.execution.junit.JUnitStarter.main(JUnitStarter.java:63)
	at sun.reflect.NativeMethodAccessorImpl.invoke0(Native Method)
	at sun.reflect.NativeMethodAccessorImpl.invoke(NativeMethodAccessorImpl.java:57)
	at sun.reflect.DelegatingMethodAccessorImpl.invoke(DelegatingMethodAccessorImpl.java:43)
	at java.lang.reflect.Method.invoke(Method.java:601)
	at com.intellij.rt.execution.application.AppMain.main(AppMain.java:120)
2014-04-04 16:17:31,084 - Velocimacro : Default library not found.
2014-04-04 16:17:31,084 - Velocimacro : allowInline = true : VMs can be defined inline in templates
2014-04-04 16:17:31,084 - Velocimacro : allowInlineToOverride = false : VMs defined inline may NOT replace previous VM definitions
2014-04-04 16:17:31,084 - Velocimacro : allowInlineLocal = false : VMs defined inline will be global in scope if allowed.
2014-04-04 16:17:31,084 - Velocimacro : autoload off : VM system will not automatically reload global library macros
2014-04-04 16:17:31,085 - ResourceManager : unable to find resource 'activemail.vm' in any resource loader.
2014-04-10 16:54:08,815 - Log4JLogChute initialized using file 'velocity.log'
2014-04-10 16:54:08,815 - Starting Apache Velocity v1.6.2 (compiled: 2009-02-19 16:29:46)
2014-04-10 16:54:08,815 - Default Properties File: org\apache\velocity\runtime\defaults\velocity.properties
2014-04-10 16:54:08,815 - Trying to use logger class org.apache.velocity.runtime.log.AvalonLogChute
2014-04-10 16:54:08,816 - Target log system for org.apache.velocity.runtime.log.AvalonLogChute is not available (java.lang.NoClassDefFoundError: org/apache/log/format/Formatter).  Falling back to next log system...
2014-04-10 16:54:08,816 - Trying to use logger class org.apache.velocity.runtime.log.Log4JLogChute
2014-04-10 16:54:08,816 - Using logger class org.apache.velocity.runtime.log.Log4JLogChute
2014-04-10 16:54:08,819 - ResourceLoader instantiated: org.apache.velocity.runtime.resource.loader.ClasspathResourceLoader
2014-04-10 16:54:08,827 - ResourceCache: initialized (class org.apache.velocity.runtime.resource.ResourceCacheImpl) with class java.util.Collections$SynchronizedMap cache map.
2014-04-10 16:54:08,828 - Loaded System Directive: org.apache.velocity.runtime.directive.Define
2014-04-10 16:54:08,829 - Loaded System Directive: org.apache.velocity.runtime.directive.Break
2014-04-10 16:54:08,829 - Loaded System Directive: org.apache.velocity.runtime.directive.Evaluate
2014-04-10 16:54:08,830 - Loaded System Directive: org.apache.velocity.runtime.directive.Literal
2014-04-10 16:54:08,830 - Loaded System Directive: org.apache.velocity.runtime.directive.Macro
2014-04-10 16:54:08,831 - Loaded System Directive: org.apache.velocity.runtime.directive.Parse
2014-04-10 16:54:08,832 - Loaded System Directive: org.apache.velocity.runtime.directive.Include
2014-04-10 16:54:08,833 - Loaded System Directive: org.apache.velocity.runtime.directive.Foreach
2014-04-10 16:54:08,853 - Created '20' parsers.
2014-04-10 16:54:08,858 - Velocimacro : "velocimacro.library" is not set.  Trying default library: VM_global_library.vm
2014-04-10 16:54:08,858 - Could not load resource 'VM_global_library.vm' from ResourceLoader org.apache.velocity.runtime.resource.loader.ClasspathResourceLoader: 
org.apache.velocity.exception.ResourceNotFoundException: ClasspathResourceLoader Error: cannot find resource VM_global_library.vm
	at org.apache.velocity.runtime.resource.loader.ClasspathResourceLoader.getResourceStream(ClasspathResourceLoader.java:131)
	at org.apache.velocity.runtime.resource.loader.ResourceLoader.resourceExists(ResourceLoader.java:224)
	at org.apache.velocity.runtime.resource.ResourceManagerImpl.getLoaderForResource(ResourceManagerImpl.java:641)
	at org.apache.velocity.runtime.resource.ResourceManagerImpl.getLoaderNameForResource(ResourceManagerImpl.java:624)
	at org.apache.velocity.runtime.RuntimeInstance.getLoaderNameForResource(RuntimeInstance.java:1464)
	at org.apache.velocity.runtime.VelocimacroFactory.initVelocimacro(VelocimacroFactory.java:159)
	at org.apache.velocity.runtime.RuntimeInstance.init(RuntimeInstance.java:261)
	at org.apache.velocity.runtime.RuntimeInstance.init(RuntimeInstance.java:589)
	at org.apache.velocity.app.VelocityEngine.init(VelocityEngine.java:135)
	at com.sogou.upd.passport.common.utils.MailUtils.getMailBody(MailUtils.java:95)
	at com.sogou.upd.passport.common.utils.MailUtils.sendEmail(MailUtils.java:62)
	at com.sogou.upd.passport.service.account.impl.AccountServiceImpl.sendActiveEmail(AccountServiceImpl.java:313)
	at com.sogou.upd.passport.manager.api.account.impl.SGRegisterApiManagerImpl.regMailUser(SGRegisterApiManagerImpl.java:71)
	at com.sogou.upd.passport.manager.api.account.impl.RegisterApiManagerTest.testRegMailUser_1(RegisterApiManagerTest.java:107)
	at sun.reflect.NativeMethodAccessorImpl.invoke0(Native Method)
	at sun.reflect.NativeMethodAccessorImpl.invoke(NativeMethodAccessorImpl.java:57)
	at sun.reflect.DelegatingMethodAccessorImpl.invoke(DelegatingMethodAccessorImpl.java:43)
	at java.lang.reflect.Method.invoke(Method.java:601)
	at org.junit.runners.model.FrameworkMethod$1.runReflectiveCall(FrameworkMethod.java:44)
	at org.junit.internal.runners.model.ReflectiveCallable.run(ReflectiveCallable.java:15)
	at org.junit.runners.model.FrameworkMethod.invokeExplosively(FrameworkMethod.java:41)
	at org.junit.internal.runners.statements.InvokeMethod.evaluate(InvokeMethod.java:20)
	at org.springframework.test.context.junit4.statements.RunBeforeTestMethodCallbacks.evaluate(RunBeforeTestMethodCallbacks.java:74)
	at org.springframework.test.context.junit4.statements.RunAfterTestMethodCallbacks.evaluate(RunAfterTestMethodCallbacks.java:83)
	at org.springframework.test.context.junit4.statements.SpringRepeat.evaluate(SpringRepeat.java:72)
	at org.springframework.test.context.junit4.SpringJUnit4ClassRunner.runChild(SpringJUnit4ClassRunner.java:231)
	at org.junit.runners.BlockJUnit4ClassRunner.runChild(BlockJUnit4ClassRunner.java:49)
	at org.junit.runners.ParentRunner$3.run(ParentRunner.java:193)
	at org.junit.runners.ParentRunner$1.schedule(ParentRunner.java:52)
	at org.junit.runners.ParentRunner.runChildren(ParentRunner.java:191)
	at org.junit.runners.ParentRunner.access$000(ParentRunner.java:42)
	at org.junit.runners.ParentRunner$2.evaluate(ParentRunner.java:184)
	at org.springframework.test.context.junit4.statements.RunBeforeTestClassCallbacks.evaluate(RunBeforeTestClassCallbacks.java:61)
	at org.springframework.test.context.junit4.statements.RunAfterTestClassCallbacks.evaluate(RunAfterTestClassCallbacks.java:71)
	at org.junit.runners.ParentRunner.run(ParentRunner.java:236)
	at org.springframework.test.context.junit4.SpringJUnit4ClassRunner.run(SpringJUnit4ClassRunner.java:174)
	at org.junit.runner.JUnitCore.run(JUnitCore.java:157)
	at com.intellij.junit4.JUnit4IdeaTestRunner.startRunnerWithArgs(JUnit4IdeaTestRunner.java:76)
	at com.intellij.rt.execution.junit.JUnitStarter.prepareStreamsAndStart(JUnitStarter.java:195)
	at com.intellij.rt.execution.junit.JUnitStarter.main(JUnitStarter.java:63)
	at sun.reflect.NativeMethodAccessorImpl.invoke0(Native Method)
	at sun.reflect.NativeMethodAccessorImpl.invoke(NativeMethodAccessorImpl.java:57)
	at sun.reflect.DelegatingMethodAccessorImpl.invoke(DelegatingMethodAccessorImpl.java:43)
	at java.lang.reflect.Method.invoke(Method.java:601)
	at com.intellij.rt.execution.application.AppMain.main(AppMain.java:120)
2014-04-10 16:54:08,859 - Velocimacro : Default library not found.
2014-04-10 16:54:08,859 - Velocimacro : allowInline = true : VMs can be defined inline in templates
2014-04-10 16:54:08,859 - Velocimacro : allowInlineToOverride = false : VMs defined inline may NOT replace previous VM definitions
2014-04-10 16:54:08,859 - Velocimacro : allowInlineLocal = false : VMs defined inline will be global in scope if allowed.
2014-04-10 16:54:08,859 - Velocimacro : autoload off : VM system will not automatically reload global library macros
2014-04-10 16:54:08,860 - ResourceManager : unable to find resource 'activemail.vm' in any resource loader.
2014-04-10 16:54:44,945 - Log4JLogChute initialized using file 'velocity.log'
2014-04-10 16:54:44,945 - Starting Apache Velocity v1.6.2 (compiled: 2009-02-19 16:29:46)
2014-04-10 16:54:44,945 - Default Properties File: org\apache\velocity\runtime\defaults\velocity.properties
2014-04-10 16:54:44,945 - Trying to use logger class org.apache.velocity.runtime.log.AvalonLogChute
2014-04-10 16:54:44,945 - Target log system for org.apache.velocity.runtime.log.AvalonLogChute is not available (java.lang.NoClassDefFoundError: org/apache/log/format/Formatter).  Falling back to next log system...
2014-04-10 16:54:44,945 - Trying to use logger class org.apache.velocity.runtime.log.Log4JLogChute
2014-04-10 16:54:44,945 - Using logger class org.apache.velocity.runtime.log.Log4JLogChute
2014-04-10 16:54:44,948 - ResourceLoader instantiated: org.apache.velocity.runtime.resource.loader.ClasspathResourceLoader
2014-04-10 16:54:44,954 - ResourceCache: initialized (class org.apache.velocity.runtime.resource.ResourceCacheImpl) with class java.util.Collections$SynchronizedMap cache map.
2014-04-10 16:54:44,955 - Loaded System Directive: org.apache.velocity.runtime.directive.Define
2014-04-10 16:54:44,956 - Loaded System Directive: org.apache.velocity.runtime.directive.Break
2014-04-10 16:54:44,956 - Loaded System Directive: org.apache.velocity.runtime.directive.Evaluate
2014-04-10 16:54:44,957 - Loaded System Directive: org.apache.velocity.runtime.directive.Literal
2014-04-10 16:54:44,958 - Loaded System Directive: org.apache.velocity.runtime.directive.Macro
2014-04-10 16:54:44,961 - Loaded System Directive: org.apache.velocity.runtime.directive.Parse
2014-04-10 16:54:44,962 - Loaded System Directive: org.apache.velocity.runtime.directive.Include
2014-04-10 16:54:44,963 - Loaded System Directive: org.apache.velocity.runtime.directive.Foreach
2014-04-10 16:54:44,984 - Created '20' parsers.
2014-04-10 16:54:44,988 - Velocimacro : "velocimacro.library" is not set.  Trying default library: VM_global_library.vm
2014-04-10 16:54:44,989 - Could not load resource 'VM_global_library.vm' from ResourceLoader org.apache.velocity.runtime.resource.loader.ClasspathResourceLoader: 
org.apache.velocity.exception.ResourceNotFoundException: ClasspathResourceLoader Error: cannot find resource VM_global_library.vm
	at org.apache.velocity.runtime.resource.loader.ClasspathResourceLoader.getResourceStream(ClasspathResourceLoader.java:131)
	at org.apache.velocity.runtime.resource.loader.ResourceLoader.resourceExists(ResourceLoader.java:224)
	at org.apache.velocity.runtime.resource.ResourceManagerImpl.getLoaderForResource(ResourceManagerImpl.java:641)
	at org.apache.velocity.runtime.resource.ResourceManagerImpl.getLoaderNameForResource(ResourceManagerImpl.java:624)
	at org.apache.velocity.runtime.RuntimeInstance.getLoaderNameForResource(RuntimeInstance.java:1464)
	at org.apache.velocity.runtime.VelocimacroFactory.initVelocimacro(VelocimacroFactory.java:159)
	at org.apache.velocity.runtime.RuntimeInstance.init(RuntimeInstance.java:261)
	at org.apache.velocity.runtime.RuntimeInstance.init(RuntimeInstance.java:589)
	at org.apache.velocity.app.VelocityEngine.init(VelocityEngine.java:135)
	at com.sogou.upd.passport.common.utils.MailUtils.getMailBody(MailUtils.java:95)
	at com.sogou.upd.passport.common.utils.MailUtils.sendEmail(MailUtils.java:62)
	at com.sogou.upd.passport.service.account.impl.AccountServiceImpl.sendActiveEmail(AccountServiceImpl.java:313)
	at com.sogou.upd.passport.manager.api.account.impl.SGRegisterApiManagerImpl.regMailUser(SGRegisterApiManagerImpl.java:71)
	at com.sogou.upd.passport.manager.api.account.impl.RegisterApiManagerTest.testRegMailUser_1(RegisterApiManagerTest.java:108)
	at sun.reflect.NativeMethodAccessorImpl.invoke0(Native Method)
	at sun.reflect.NativeMethodAccessorImpl.invoke(NativeMethodAccessorImpl.java:57)
	at sun.reflect.DelegatingMethodAccessorImpl.invoke(DelegatingMethodAccessorImpl.java:43)
	at java.lang.reflect.Method.invoke(Method.java:601)
	at org.junit.runners.model.FrameworkMethod$1.runReflectiveCall(FrameworkMethod.java:44)
	at org.junit.internal.runners.model.ReflectiveCallable.run(ReflectiveCallable.java:15)
	at org.junit.runners.model.FrameworkMethod.invokeExplosively(FrameworkMethod.java:41)
	at org.junit.internal.runners.statements.InvokeMethod.evaluate(InvokeMethod.java:20)
	at org.springframework.test.context.junit4.statements.RunBeforeTestMethodCallbacks.evaluate(RunBeforeTestMethodCallbacks.java:74)
	at org.springframework.test.context.junit4.statements.RunAfterTestMethodCallbacks.evaluate(RunAfterTestMethodCallbacks.java:83)
	at org.springframework.test.context.junit4.statements.SpringRepeat.evaluate(SpringRepeat.java:72)
	at org.springframework.test.context.junit4.SpringJUnit4ClassRunner.runChild(SpringJUnit4ClassRunner.java:231)
	at org.junit.runners.BlockJUnit4ClassRunner.runChild(BlockJUnit4ClassRunner.java:49)
	at org.junit.runners.ParentRunner$3.run(ParentRunner.java:193)
	at org.junit.runners.ParentRunner$1.schedule(ParentRunner.java:52)
	at org.junit.runners.ParentRunner.runChildren(ParentRunner.java:191)
	at org.junit.runners.ParentRunner.access$000(ParentRunner.java:42)
	at org.junit.runners.ParentRunner$2.evaluate(ParentRunner.java:184)
	at org.springframework.test.context.junit4.statements.RunBeforeTestClassCallbacks.evaluate(RunBeforeTestClassCallbacks.java:61)
	at org.springframework.test.context.junit4.statements.RunAfterTestClassCallbacks.evaluate(RunAfterTestClassCallbacks.java:71)
	at org.junit.runners.ParentRunner.run(ParentRunner.java:236)
	at org.springframework.test.context.junit4.SpringJUnit4ClassRunner.run(SpringJUnit4ClassRunner.java:174)
	at org.junit.runner.JUnitCore.run(JUnitCore.java:157)
	at com.intellij.junit4.JUnit4IdeaTestRunner.startRunnerWithArgs(JUnit4IdeaTestRunner.java:76)
	at com.intellij.rt.execution.junit.JUnitStarter.prepareStreamsAndStart(JUnitStarter.java:195)
	at com.intellij.rt.execution.junit.JUnitStarter.main(JUnitStarter.java:63)
	at sun.reflect.NativeMethodAccessorImpl.invoke0(Native Method)
	at sun.reflect.NativeMethodAccessorImpl.invoke(NativeMethodAccessorImpl.java:57)
	at sun.reflect.DelegatingMethodAccessorImpl.invoke(DelegatingMethodAccessorImpl.java:43)
	at java.lang.reflect.Method.invoke(Method.java:601)
	at com.intellij.rt.execution.application.AppMain.main(AppMain.java:120)
2014-04-10 16:54:44,990 - Velocimacro : Default library not found.
2014-04-10 16:54:44,990 - Velocimacro : allowInline = true : VMs can be defined inline in templates
2014-04-10 16:54:44,990 - Velocimacro : allowInlineToOverride = false : VMs defined inline may NOT replace previous VM definitions
2014-04-10 16:54:44,990 - Velocimacro : allowInlineLocal = false : VMs defined inline will be global in scope if allowed.
2014-04-10 16:54:44,990 - Velocimacro : autoload off : VM system will not automatically reload global library macros
2014-04-10 16:54:44,991 - ResourceManager : unable to find resource 'activemail.vm' in any resource loader.
2014-04-10 16:55:09,042 - Log4JLogChute initialized using file 'velocity.log'
2014-04-10 16:55:09,042 - Starting Apache Velocity v1.6.2 (compiled: 2009-02-19 16:29:46)
2014-04-10 16:55:09,042 - Default Properties File: org\apache\velocity\runtime\defaults\velocity.properties
2014-04-10 16:55:09,042 - Trying to use logger class org.apache.velocity.runtime.log.AvalonLogChute
2014-04-10 16:55:09,042 - Target log system for org.apache.velocity.runtime.log.AvalonLogChute is not available (java.lang.NoClassDefFoundError: org/apache/log/format/Formatter).  Falling back to next log system...
2014-04-10 16:55:09,042 - Trying to use logger class org.apache.velocity.runtime.log.Log4JLogChute
2014-04-10 16:55:09,042 - Using logger class org.apache.velocity.runtime.log.Log4JLogChute
2014-04-10 16:55:09,045 - ResourceLoader instantiated: org.apache.velocity.runtime.resource.loader.ClasspathResourceLoader
2014-04-10 16:55:09,051 - ResourceCache: initialized (class org.apache.velocity.runtime.resource.ResourceCacheImpl) with class java.util.Collections$SynchronizedMap cache map.
2014-04-10 16:55:09,052 - Loaded System Directive: org.apache.velocity.runtime.directive.Define
2014-04-10 16:55:09,053 - Loaded System Directive: org.apache.velocity.runtime.directive.Break
2014-04-10 16:55:09,053 - Loaded System Directive: org.apache.velocity.runtime.directive.Evaluate
2014-04-10 16:55:09,053 - Loaded System Directive: org.apache.velocity.runtime.directive.Literal
2014-04-10 16:55:09,054 - Loaded System Directive: org.apache.velocity.runtime.directive.Macro
2014-04-10 16:55:09,055 - Loaded System Directive: org.apache.velocity.runtime.directive.Parse
2014-04-10 16:55:09,058 - Loaded System Directive: org.apache.velocity.runtime.directive.Include
2014-04-10 16:55:09,059 - Loaded System Directive: org.apache.velocity.runtime.directive.Foreach
2014-04-10 16:55:09,080 - Created '20' parsers.
2014-04-10 16:55:09,085 - Velocimacro : "velocimacro.library" is not set.  Trying default library: VM_global_library.vm
2014-04-10 16:55:09,085 - Could not load resource 'VM_global_library.vm' from ResourceLoader org.apache.velocity.runtime.resource.loader.ClasspathResourceLoader: 
org.apache.velocity.exception.ResourceNotFoundException: ClasspathResourceLoader Error: cannot find resource VM_global_library.vm
	at org.apache.velocity.runtime.resource.loader.ClasspathResourceLoader.getResourceStream(ClasspathResourceLoader.java:131)
	at org.apache.velocity.runtime.resource.loader.ResourceLoader.resourceExists(ResourceLoader.java:224)
	at org.apache.velocity.runtime.resource.ResourceManagerImpl.getLoaderForResource(ResourceManagerImpl.java:641)
	at org.apache.velocity.runtime.resource.ResourceManagerImpl.getLoaderNameForResource(ResourceManagerImpl.java:624)
	at org.apache.velocity.runtime.RuntimeInstance.getLoaderNameForResource(RuntimeInstance.java:1464)
	at org.apache.velocity.runtime.VelocimacroFactory.initVelocimacro(VelocimacroFactory.java:159)
	at org.apache.velocity.runtime.RuntimeInstance.init(RuntimeInstance.java:261)
	at org.apache.velocity.runtime.RuntimeInstance.init(RuntimeInstance.java:589)
	at org.apache.velocity.app.VelocityEngine.init(VelocityEngine.java:135)
	at com.sogou.upd.passport.common.utils.MailUtils.getMailBody(MailUtils.java:95)
	at com.sogou.upd.passport.common.utils.MailUtils.sendEmail(MailUtils.java:62)
	at com.sogou.upd.passport.service.account.impl.AccountServiceImpl.sendActiveEmail(AccountServiceImpl.java:313)
	at com.sogou.upd.passport.manager.api.account.impl.SGRegisterApiManagerImpl.regMailUser(SGRegisterApiManagerImpl.java:71)
	at com.sogou.upd.passport.manager.api.account.impl.RegisterApiManagerTest.testRegMailUser_1(RegisterApiManagerTest.java:108)
	at sun.reflect.NativeMethodAccessorImpl.invoke0(Native Method)
	at sun.reflect.NativeMethodAccessorImpl.invoke(NativeMethodAccessorImpl.java:57)
	at sun.reflect.DelegatingMethodAccessorImpl.invoke(DelegatingMethodAccessorImpl.java:43)
	at java.lang.reflect.Method.invoke(Method.java:601)
	at org.junit.runners.model.FrameworkMethod$1.runReflectiveCall(FrameworkMethod.java:44)
	at org.junit.internal.runners.model.ReflectiveCallable.run(ReflectiveCallable.java:15)
	at org.junit.runners.model.FrameworkMethod.invokeExplosively(FrameworkMethod.java:41)
	at org.junit.internal.runners.statements.InvokeMethod.evaluate(InvokeMethod.java:20)
	at org.springframework.test.context.junit4.statements.RunBeforeTestMethodCallbacks.evaluate(RunBeforeTestMethodCallbacks.java:74)
	at org.springframework.test.context.junit4.statements.RunAfterTestMethodCallbacks.evaluate(RunAfterTestMethodCallbacks.java:83)
	at org.springframework.test.context.junit4.statements.SpringRepeat.evaluate(SpringRepeat.java:72)
	at org.springframework.test.context.junit4.SpringJUnit4ClassRunner.runChild(SpringJUnit4ClassRunner.java:231)
	at org.junit.runners.BlockJUnit4ClassRunner.runChild(BlockJUnit4ClassRunner.java:49)
	at org.junit.runners.ParentRunner$3.run(ParentRunner.java:193)
	at org.junit.runners.ParentRunner$1.schedule(ParentRunner.java:52)
	at org.junit.runners.ParentRunner.runChildren(ParentRunner.java:191)
	at org.junit.runners.ParentRunner.access$000(ParentRunner.java:42)
	at org.junit.runners.ParentRunner$2.evaluate(ParentRunner.java:184)
	at org.springframework.test.context.junit4.statements.RunBeforeTestClassCallbacks.evaluate(RunBeforeTestClassCallbacks.java:61)
	at org.springframework.test.context.junit4.statements.RunAfterTestClassCallbacks.evaluate(RunAfterTestClassCallbacks.java:71)
	at org.junit.runners.ParentRunner.run(ParentRunner.java:236)
	at org.springframework.test.context.junit4.SpringJUnit4ClassRunner.run(SpringJUnit4ClassRunner.java:174)
	at org.junit.runner.JUnitCore.run(JUnitCore.java:157)
	at com.intellij.junit4.JUnit4IdeaTestRunner.startRunnerWithArgs(JUnit4IdeaTestRunner.java:76)
	at com.intellij.rt.execution.junit.JUnitStarter.prepareStreamsAndStart(JUnitStarter.java:195)
	at com.intellij.rt.execution.junit.JUnitStarter.main(JUnitStarter.java:63)
	at sun.reflect.NativeMethodAccessorImpl.invoke0(Native Method)
	at sun.reflect.NativeMethodAccessorImpl.invoke(NativeMethodAccessorImpl.java:57)
	at sun.reflect.DelegatingMethodAccessorImpl.invoke(DelegatingMethodAccessorImpl.java:43)
	at java.lang.reflect.Method.invoke(Method.java:601)
	at com.intellij.rt.execution.application.AppMain.main(AppMain.java:120)
2014-04-10 16:55:09,086 - Velocimacro : Default library not found.
2014-04-10 16:55:09,086 - Velocimacro : allowInline = true : VMs can be defined inline in templates
2014-04-10 16:55:09,086 - Velocimacro : allowInlineToOverride = false : VMs defined inline may NOT replace previous VM definitions
2014-04-10 16:55:09,086 - Velocimacro : allowInlineLocal = false : VMs defined inline will be global in scope if allowed.
2014-04-10 16:55:09,086 - Velocimacro : autoload off : VM system will not automatically reload global library macros
2014-04-10 16:55:09,087 - ResourceManager : unable to find resource 'activemail.vm' in any resource loader.
2014-04-10 16:56:30,175 - Log4JLogChute initialized using file 'velocity.log'
2014-04-10 16:56:30,176 - Starting Apache Velocity v1.6.2 (compiled: 2009-02-19 16:29:46)
2014-04-10 16:56:30,176 - Default Properties File: org\apache\velocity\runtime\defaults\velocity.properties
2014-04-10 16:56:30,176 - Trying to use logger class org.apache.velocity.runtime.log.AvalonLogChute
2014-04-10 16:56:30,176 - Target log system for org.apache.velocity.runtime.log.AvalonLogChute is not available (java.lang.NoClassDefFoundError: org/apache/log/format/Formatter).  Falling back to next log system...
2014-04-10 16:56:30,176 - Trying to use logger class org.apache.velocity.runtime.log.Log4JLogChute
2014-04-10 16:56:30,176 - Using logger class org.apache.velocity.runtime.log.Log4JLogChute
2014-04-10 16:56:30,179 - ResourceLoader instantiated: org.apache.velocity.runtime.resource.loader.ClasspathResourceLoader
2014-04-10 16:56:30,185 - ResourceCache: initialized (class org.apache.velocity.runtime.resource.ResourceCacheImpl) with class java.util.Collections$SynchronizedMap cache map.
2014-04-10 16:56:30,186 - Loaded System Directive: org.apache.velocity.runtime.directive.Define
2014-04-10 16:56:30,186 - Loaded System Directive: org.apache.velocity.runtime.directive.Break
2014-04-10 16:56:30,187 - Loaded System Directive: org.apache.velocity.runtime.directive.Evaluate
2014-04-10 16:56:30,187 - Loaded System Directive: org.apache.velocity.runtime.directive.Literal
2014-04-10 16:56:30,188 - Loaded System Directive: org.apache.velocity.runtime.directive.Macro
2014-04-10 16:56:30,191 - Loaded System Directive: org.apache.velocity.runtime.directive.Parse
2014-04-10 16:56:30,192 - Loaded System Directive: org.apache.velocity.runtime.directive.Include
2014-04-10 16:56:30,193 - Loaded System Directive: org.apache.velocity.runtime.directive.Foreach
2014-04-10 16:56:30,215 - Created '20' parsers.
2014-04-10 16:56:30,220 - Velocimacro : "velocimacro.library" is not set.  Trying default library: VM_global_library.vm
2014-04-10 16:56:30,220 - Could not load resource 'VM_global_library.vm' from ResourceLoader org.apache.velocity.runtime.resource.loader.ClasspathResourceLoader: 
org.apache.velocity.exception.ResourceNotFoundException: ClasspathResourceLoader Error: cannot find resource VM_global_library.vm
	at org.apache.velocity.runtime.resource.loader.ClasspathResourceLoader.getResourceStream(ClasspathResourceLoader.java:131)
	at org.apache.velocity.runtime.resource.loader.ResourceLoader.resourceExists(ResourceLoader.java:224)
	at org.apache.velocity.runtime.resource.ResourceManagerImpl.getLoaderForResource(ResourceManagerImpl.java:641)
	at org.apache.velocity.runtime.resource.ResourceManagerImpl.getLoaderNameForResource(ResourceManagerImpl.java:624)
	at org.apache.velocity.runtime.RuntimeInstance.getLoaderNameForResource(RuntimeInstance.java:1464)
	at org.apache.velocity.runtime.VelocimacroFactory.initVelocimacro(VelocimacroFactory.java:159)
	at org.apache.velocity.runtime.RuntimeInstance.init(RuntimeInstance.java:261)
	at org.apache.velocity.runtime.RuntimeInstance.init(RuntimeInstance.java:589)
	at org.apache.velocity.app.VelocityEngine.init(VelocityEngine.java:135)
	at com.sogou.upd.passport.common.utils.MailUtils.getMailBody(MailUtils.java:95)
	at com.sogou.upd.passport.common.utils.MailUtils.sendEmail(MailUtils.java:62)
	at com.sogou.upd.passport.service.account.impl.AccountServiceImpl.sendActiveEmail(AccountServiceImpl.java:313)
	at com.sogou.upd.passport.manager.api.account.impl.SGRegisterApiManagerImpl.regMailUser(SGRegisterApiManagerImpl.java:71)
	at com.sogou.upd.passport.manager.api.account.impl.RegisterApiManagerTest.testRegMailUser_1(RegisterApiManagerTest.java:108)
	at sun.reflect.NativeMethodAccessorImpl.invoke0(Native Method)
	at sun.reflect.NativeMethodAccessorImpl.invoke(NativeMethodAccessorImpl.java:57)
	at sun.reflect.DelegatingMethodAccessorImpl.invoke(DelegatingMethodAccessorImpl.java:43)
	at java.lang.reflect.Method.invoke(Method.java:601)
	at org.junit.runners.model.FrameworkMethod$1.runReflectiveCall(FrameworkMethod.java:44)
	at org.junit.internal.runners.model.ReflectiveCallable.run(ReflectiveCallable.java:15)
	at org.junit.runners.model.FrameworkMethod.invokeExplosively(FrameworkMethod.java:41)
	at org.junit.internal.runners.statements.InvokeMethod.evaluate(InvokeMethod.java:20)
	at org.springframework.test.context.junit4.statements.RunBeforeTestMethodCallbacks.evaluate(RunBeforeTestMethodCallbacks.java:74)
	at org.springframework.test.context.junit4.statements.RunAfterTestMethodCallbacks.evaluate(RunAfterTestMethodCallbacks.java:83)
	at org.springframework.test.context.junit4.statements.SpringRepeat.evaluate(SpringRepeat.java:72)
	at org.springframework.test.context.junit4.SpringJUnit4ClassRunner.runChild(SpringJUnit4ClassRunner.java:231)
	at org.junit.runners.BlockJUnit4ClassRunner.runChild(BlockJUnit4ClassRunner.java:49)
	at org.junit.runners.ParentRunner$3.run(ParentRunner.java:193)
	at org.junit.runners.ParentRunner$1.schedule(ParentRunner.java:52)
	at org.junit.runners.ParentRunner.runChildren(ParentRunner.java:191)
	at org.junit.runners.ParentRunner.access$000(ParentRunner.java:42)
	at org.junit.runners.ParentRunner$2.evaluate(ParentRunner.java:184)
	at org.springframework.test.context.junit4.statements.RunBeforeTestClassCallbacks.evaluate(RunBeforeTestClassCallbacks.java:61)
	at org.springframework.test.context.junit4.statements.RunAfterTestClassCallbacks.evaluate(RunAfterTestClassCallbacks.java:71)
	at org.junit.runners.ParentRunner.run(ParentRunner.java:236)
	at org.springframework.test.context.junit4.SpringJUnit4ClassRunner.run(SpringJUnit4ClassRunner.java:174)
	at org.junit.runner.JUnitCore.run(JUnitCore.java:157)
	at com.intellij.junit4.JUnit4IdeaTestRunner.startRunnerWithArgs(JUnit4IdeaTestRunner.java:76)
	at com.intellij.rt.execution.junit.JUnitStarter.prepareStreamsAndStart(JUnitStarter.java:195)
	at com.intellij.rt.execution.junit.JUnitStarter.main(JUnitStarter.java:63)
	at sun.reflect.NativeMethodAccessorImpl.invoke0(Native Method)
	at sun.reflect.NativeMethodAccessorImpl.invoke(NativeMethodAccessorImpl.java:57)
	at sun.reflect.DelegatingMethodAccessorImpl.invoke(DelegatingMethodAccessorImpl.java:43)
	at java.lang.reflect.Method.invoke(Method.java:601)
	at com.intellij.rt.execution.application.AppMain.main(AppMain.java:120)
2014-04-10 16:56:30,221 - Velocimacro : Default library not found.
2014-04-10 16:56:30,221 - Velocimacro : allowInline = true : VMs can be defined inline in templates
2014-04-10 16:56:30,221 - Velocimacro : allowInlineToOverride = false : VMs defined inline may NOT replace previous VM definitions
2014-04-10 16:56:30,221 - Velocimacro : allowInlineLocal = false : VMs defined inline will be global in scope if allowed.
2014-04-10 16:56:30,221 - Velocimacro : autoload off : VM system will not automatically reload global library macros
2014-04-10 16:56:30,222 - ResourceManager : unable to find resource 'activemail.vm' in any resource loader.
