#
# A fatal error has been detected by the Java Runtime Environment:
#
#  SIGSEGV (0xb) at pc=0x00007fff8a098af5, pid=8159, tid=16655
#
# JRE version: 7.0_21-b12
# Java VM: Java HotSpot(TM) 64-Bit Server VM (23.21-b01 mixed mode bsd-amd64 compressed oops)
# Problematic frame:
# C  [libsystem_c.dylib+0x1af5]  memmove$VARIANT$sse42+0xcd
#
# Failed to write core dump. Core dumps have been disabled. To enable core dumping, try "ulimit -c unlimited" before starting Java again
#
# If you would like to submit a bug report, please visit:
#   http://bugreport.sun.com/bugreport/crash.jsp
# The crash happened outside the Java Virtual Machine in native code.
# See problematic frame for where to report the bug.
#

---------------  T H R E A D  ---------------

Current thread (0x00007fc4c577d800):  JavaThread "Timer-1" daemon [_thread_in_native, id=16655, stack(0x00000001656e4000,0x00000001657e4000)]

siginfo:si_signo=SIGSEGV: si_errno=0, si_code=1 (SEGV_MAPERR), si_addr=0x00000001645bd000

Registers:
RAX=0x00007fc364dbc9df, RBX=0x00000001645bc1f3, RCX=0xffffffffffff9e80, RDX=0x0000000000000021
RSP=0x00000001657e1d70, RBP=0x00000001657e1d70, RSI=0x00000001645c3161, RDI=0x00007fc4c937fb40
R8 =0x000000000000000d, R9 =0x0000000000000000, R10=0x000000010b680000, R11=0x00007fc4c9378c00
R12=0x00000000666e6f63, R13=0x0000000000080000, R14=0x00000000642d6769, R15=0x000000000000782e
RIP=0x00007fff8a098af5, EFLAGS=0x0000000000010282, ERR=0x0000000000000004
  TRAPNO=0x000000000000000e

Top of Stack: (sp=0x00000001657e1d70)
0x00000001657e1d70:   00000001657e1de0 000000010c4202d2
0x00000001657e1d80:   0000002e657e1dd0 0000000000000078
0x00000001657e1d90:   0000000000006c6d 00007fc4c9378c00
0x00000001657e1da0:   0000000000006f61 00007fc4c3076e00
0x00000001657e1db0:   00007fc4c30fb850 000000004266d7f0
0x00000001657e1dc0:   0000000000000141 00007fc4c4072400
0x00000001657e1dd0:   00007fc4c3076e00 000000000000006b
0x00000001657e1de0:   00000001657e1e30 000000010c4207d0
0x00000001657e1df0:   0000000000000015 00000015c577d800
0x00000001657e1e00:   00000001657e1e4e 00000001657e2298
0x00000001657e1e10:   0000000000000015 00000001657e1e4e
0x00000001657e1e20:   00007fc4c3076e00 00007fc4c577d9d8
0x00000001657e1e30:   00000001657e2280 000000010c41f62a
0x00000001657e1e40:   00000000000000bd 7073000100000001
0x00000001657e1e50:   6e6f632d676e6972 2e6f61642d676966
0x00000001657e1e60:   00000001006c6d78 00000001657e1e68
0x00000001657e1e70:   000000010f7a7283 00000001657e1ec8
0x00000001657e1e80:   000000010f7a8300 0000000000000000
0x00000001657e1e90:   000000010f7a72d0 0000000000000000
0x00000001657e1ea0:   00000001007e1ec8 00000001657e1f10
0x00000001657e1eb0:   000000010f5f3350 00007fc4c577d800
0x00000001657e1ec0:   00000001657e1ef0 0000000000000000
0x00000001657e1ed0:   000000014c95fe80 00007fc4c577d800
0x00000001657e1ee0:   0000000000000004 000000014c95fe80
0x00000001657e1ef0:   0000000000000004 00007fc4c33faa40
0x00000001657e1f00:   00000001657e1f50 000000010b823e24
0x00000001657e1f10:   000000010f50b700 0000000000000001
0x00000001657e1f20:   00000001657e1f50 0000000000000002
0x00000001657e1f30:   0000000000000004 000000010f5f3350
0x00000001657e1f40:   00007fc4c577d800 0000000000000005
0x00000001657e1f50:   00000001657e1fa0 000000010ba04813
0x00000001657e1f60:   00007fc4c577d800 000000000000001f 

Instructions: (pc=0x00007fff8a098af5)
0x00007fff8a098ad5:   54 0f 20 66 0f 7f 5c 0f 30 48 83 c1 40 75 cc e9
0x00007fff8a098ae5:   57 ff ff ff 0f 1f 80 00 00 00 00 f3 0f 6f 04 0e
0x00007fff8a098af5:   f3 0f 6f 4c 0e 10 f3 0f 6f 54 0e 20 f3 0f 6f 5c
0x00007fff8a098b05:   0e 30 66 0f 7f 04 0f 66 0f 7f 4c 0f 10 66 0f 7f 

Register to memory mapping:

RAX=0x00007fc364dbc9df is an unknown value
RBX=0x00000001645bc1f3 is an unknown value
RCX=0xffffffffffff9e80 is an unknown value
RDX=0x0000000000000021 is an unknown value
RSP=0x00000001657e1d70 is pointing into the stack for thread: 0x00007fc4c577d800
RBP=0x00000001657e1d70 is pointing into the stack for thread: 0x00007fc4c577d800
RSI=0x00000001645c3161 is an unknown value
RDI=0x00007fc4c937fb40 is an unknown value
R8 =0x000000000000000d is an unknown value
R9 =0x0000000000000000 is an unknown value
R10=0x000000010b680000 is an unknown value
R11=0x00007fc4c9378c00 is an unknown value
R12=0x00000000666e6f63 is an unknown value
R13=0x0000000000080000 is an unknown value
R14=0x00000000642d6769 is an unknown value
R15=0x000000000000782e is an unknown value


Stack: [0x00000001656e4000,0x00000001657e4000],  sp=0x00000001657e1d70,  free space=1015k
Native frames: (J=compiled Java code, j=interpreted, Vv=VM code, C=native code)
C  [libsystem_c.dylib+0x1af5]  memmove$VARIANT$sse42+0xcd
C  [libzip.dylib+0x32d2]  newEntry+0x2c8
C  [libzip.dylib+0x37d0]  ZIP_GetEntry+0xa2
C  [libzip.dylib+0x262a]  Java_java_util_zip_ZipFile_getEntry+0xdd
J  java.util.zip.ZipFile.getEntry(J[BZ)J

Java frames: (J=compiled Java code, j=interpreted, Vv=VM code)
J  java.util.zip.ZipFile.getEntry(J[BZ)J
J  java.util.jar.JarFile.getEntry(Ljava/lang/String;)Ljava/util/zip/ZipEntry;
j  sun.net.www.protocol.jar.URLJarFile.getEntry(Ljava/lang/String;)Ljava/util/zip/ZipEntry;+2
j  sun.net.www.protocol.jar.JarURLConnection.connect()V+62
j  sun.net.www.protocol.jar.JarURLConnection.getInputStream()Ljava/io/InputStream;+1
j  java.net.URLClassLoader.getResourceAsStream(Ljava/lang/String;)Ljava/io/InputStream;+18
j  org.springframework.core.io.ClassPathResource.getInputStream()Ljava/io/InputStream;+30
j  org.springframework.beans.factory.xml.XmlBeanDefinitionReader.loadBeanDefinitions(Lorg/springframework/core/io/support/EncodedResource;)I+123
j  org.springframework.beans.factory.xml.XmlBeanDefinitionReader.loadBeanDefinitions(Lorg/springframework/core/io/Resource;)I+9
j  org.springframework.beans.factory.support.AbstractBeanDefinitionReader.loadBeanDefinitions([Lorg/springframework/core/io/Resource;)I+30
j  org.springframework.beans.factory.support.AbstractBeanDefinitionReader.loadBeanDefinitions(Ljava/lang/String;Ljava/util/Set;)I+60
j  org.springframework.beans.factory.xml.DefaultBeanDefinitionDocumentReader.importBeanDefinitionResource(Lorg/w3c/dom/Element;)V+92
j  org.springframework.beans.factory.xml.DefaultBeanDefinitionDocumentReader.parseDefaultElement(Lorg/w3c/dom/Element;Lorg/springframework/beans/factory/xml/BeanDefinitionParserDelegate;)V+12
j  org.springframework.beans.factory.xml.DefaultBeanDefinitionDocumentReader.parseBeanDefinitions(Lorg/w3c/dom/Element;Lorg/springframework/beans/factory/xml/BeanDefinitionParserDelegate;)V+59
j  org.springframework.beans.factory.xml.DefaultBeanDefinitionDocumentReader.doRegisterBeanDefinitions(Lorg/w3c/dom/Element;)V+84
j  org.springframework.beans.factory.xml.DefaultBeanDefinitionDocumentReader.registerBeanDefinitions(Lorg/w3c/dom/Document;Lorg/springframework/beans/factory/xml/XmlReaderContext;)V+25
j  org.springframework.beans.factory.xml.XmlBeanDefinitionReader.registerBeanDefinitions(Lorg/w3c/dom/Document;Lorg/springframework/core/io/Resource;)I+33
j  org.springframework.beans.factory.xml.XmlBeanDefinitionReader.doLoadBeanDefinitions(Lorg/xml/sax/InputSource;Lorg/springframework/core/io/Resource;)I+35
j  org.springframework.beans.factory.xml.XmlBeanDefinitionReader.loadBeanDefinitions(Lorg/springframework/core/io/support/EncodedResource;)I+162
j  org.springframework.beans.factory.xml.XmlBeanDefinitionReader.loadBeanDefinitions(Lorg/springframework/core/io/Resource;)I+9
j  org.springframework.beans.factory.support.AbstractBeanDefinitionReader.loadBeanDefinitions([Lorg/springframework/core/io/Resource;)I+30
j  org.springframework.beans.factory.support.AbstractBeanDefinitionReader.loadBeanDefinitions(Ljava/lang/String;Ljava/util/Set;)I+60
j  org.springframework.beans.factory.support.AbstractBeanDefinitionReader.loadBeanDefinitions(Ljava/lang/String;)I+3
j  org.springframework.web.context.support.XmlWebApplicationContext.loadBeanDefinitions(Lorg/springframework/beans/factory/xml/XmlBeanDefinitionReader;)V+30
j  org.springframework.web.context.support.XmlWebApplicationContext.loadBeanDefinitions(Lorg/springframework/beans/factory/support/DefaultListableBeanFactory;)V+41
j  org.springframework.context.support.AbstractRefreshableApplicationContext.refreshBeanFactory()V+35
j  org.springframework.context.support.AbstractApplicationContext.obtainFreshBeanFactory()Lorg/springframework/beans/factory/config/ConfigurableListableBeanFactory;+1
j  org.springframework.context.support.AbstractApplicationContext.refresh()V+12
j  org.springframework.web.servlet.FrameworkServlet.configureAndRefreshWebApplicationContext(Lorg/springframework/web/context/ConfigurableWebApplicationContext;)V+257
j  org.springframework.web.servlet.FrameworkServlet.createWebApplicationContext(Lorg/springframework/context/ApplicationContext;)Lorg/springframework/web/context/WebApplicationContext;+163
j  org.springframework.web.servlet.FrameworkServlet.createWebApplicationContext(Lorg/springframework/web/context/WebApplicationContext;)Lorg/springframework/web/context/WebApplicationContext;+2
j  org.springframework.web.servlet.FrameworkServlet.initWebApplicationContext()Lorg/springframework/web/context/WebApplicationContext;+79
j  org.springframework.web.servlet.FrameworkServlet.initServletBean()V+84
j  org.springframework.web.servlet.HttpServletBean.init()V+152
j  javax.servlet.GenericServlet.init(Ljavax/servlet/ServletConfig;)V+6
j  org.mortbay.jetty.servlet.ServletHolder.initServlet()V+101
j  org.mortbay.jetty.servlet.ServletHolder.doStart()V+143
j  org.mortbay.component.AbstractLifeCycle.start()V+31
j  org.mortbay.jetty.servlet.ServletHandler.initialize()V+175
j  org.mortbay.jetty.servlet.Context.startContext()V+25
j  org.mortbay.jetty.webapp.WebAppContext.startContext()V+123
j  org.mortbay.jetty.handler.ContextHandler.doStart()V+140
j  org.mortbay.jetty.webapp.WebAppContext.doStart()V+217
j  org.mortbay.jetty.plugin.Jetty6PluginWebAppContext.doStart()V+6
j  org.mortbay.component.AbstractLifeCycle.start()V+31
j  org.mortbay.jetty.plugin.AbstractJettyRunMojo.restartWebApp(Z)V+186
j  org.mortbay.jetty.plugin.AbstractJettyRunMojo$1.filesChanged(Ljava/util/List;)V+25
j  org.mortbay.util.Scanner.reportBulkChanges(Ljava/util/List;)V+38
j  org.mortbay.util.Scanner.reportDifferences(Ljava/util/Map;Ljava/util/Map;)V+345
j  org.mortbay.util.Scanner.scan()V+13
j  org.mortbay.util.Scanner$1.run()V+4
j  java.util.TimerThread.mainLoop()V+221
j  java.util.TimerThread.run()V+1
v  ~StubRoutines::call_stub

---------------  P R O C E S S  ---------------

Java Threads: ( => current thread )
  0x00007fc4c8800000 JavaThread "Timer-2" daemon [_thread_blocked, id=15367, stack(0x0000000164cf6000,0x0000000164df6000)]
=>0x00007fc4c577d800 JavaThread "Timer-1" daemon [_thread_in_native, id=16655, stack(0x00000001656e4000,0x00000001657e4000)]
  0x00007fc4c29ad800 JavaThread "StopJettyPluginMonitor" daemon [_thread_in_native, id=15879, stack(0x00000001655e1000,0x00000001656e1000)]
  0x00007fc4c4a36000 JavaThread "98687952@qtp-1305339250-1 - Acceptor0 SelectChannelConnector@0.0.0.0:8080" [_thread_in_native, id=23043, stack(0x0000000165133000,0x0000000165233000)]
  0x00007fc4c4ff7800 JavaThread "232299558@qtp-1305339250-0" [_thread_blocked, id=22787, stack(0x0000000164e31000,0x0000000164f31000)]
  0x00007fc4c4040800 JavaThread "pool-1-thread-5" [_thread_blocked, id=22531, stack(0x00000001654de000,0x00000001655de000)]
  0x00007fc4c291b800 JavaThread "pool-1-thread-4" [_thread_blocked, id=22275, stack(0x0000000164b18000,0x0000000164c18000)]
  0x00007fc4c404c000 JavaThread "pool-1-thread-3" [_thread_blocked, id=22019, stack(0x0000000164a15000,0x0000000164b15000)]
  0x00007fc4c28b8800 JavaThread "pool-1-thread-2" [_thread_blocked, id=21763, stack(0x000000016486e000,0x000000016496e000)]
  0x00007fc4c395c000 JavaThread "pool-1-thread-1" [_thread_blocked, id=21507, stack(0x000000016476b000,0x000000016486b000)]
  0x00007fc4c4045800 JavaThread "Monitor Ctrl-Break" daemon [_thread_in_native, id=20995, stack(0x0000000164130000,0x0000000164230000)]
  0x00007fc4c400e800 JavaThread "Service Thread" daemon [_thread_blocked, id=20483, stack(0x0000000163ede000,0x0000000163fde000)]
  0x00007fc4c400d800 JavaThread "C2 CompilerThread1" daemon [_thread_in_native, id=20227, stack(0x0000000163ddb000,0x0000000163edb000)]
  0x00007fc4c400c000 JavaThread "C2 CompilerThread0" daemon [_thread_blocked, id=19971, stack(0x0000000163cd8000,0x0000000163dd8000)]
  0x00007fc4c400b000 JavaThread "Signal Dispatcher" daemon [_thread_blocked, id=18447, stack(0x0000000163bd5000,0x0000000163cd5000)]
  0x00007fc4c481d800 JavaThread "Finalizer" daemon [_thread_blocked, id=15107, stack(0x0000000163903000,0x0000000163a03000)]
  0x00007fc4c481d000 JavaThread "Reference Handler" daemon [_thread_blocked, id=14851, stack(0x0000000163800000,0x0000000163900000)]
  0x00007fc4c3801000 JavaThread "main" [_thread_blocked, id=5891, stack(0x000000010c251000,0x000000010c351000)]

Other Threads:
  0x00007fc4c481a000 VMThread [stack: 0x00000001636fd000,0x00000001637fd000] [id=14595]
  0x00007fc4c4000800 WatcherThread [stack: 0x0000000163fe1000,0x00000001640e1000] [id=20739]

VM state:not at safepoint (normal execution)

VM Mutex/Monitor currently owned by a thread: None

Heap
 PSYoungGen      total 310464K, used 125807K [0x0000000145f00000, 0x000000015b020000, 0x000000015eb00000)
  eden space 293952K, 37% used [0x0000000145f00000,0x000000014c9c0750,0x0000000157e10000)
  from space 16512K, 99% used [0x0000000159420000,0x000000015a43b7e8,0x000000015a440000)
  to   space 22592K, 0% used [0x0000000157e10000,0x0000000157e10000,0x0000000159420000)
 ParOldGen       total 50688K, used 28467K [0x0000000114700000, 0x0000000117880000, 0x0000000145f00000)
  object space 50688K, 56% used [0x0000000114700000,0x00000001162ccdb0,0x0000000117880000)
 PSPermGen       total 27008K, used 26915K [0x000000010f500000, 0x0000000110f60000, 0x0000000114700000)
  object space 27008K, 99% used [0x000000010f500000,0x0000000110f48eb0,0x0000000110f60000)

Card table byte_map: [0x000000015eb00000,0x000000015ed7c000] byte_map_base: 0x000000015e285800

Polling page: 0x000000010c390000

Code Cache  [0x000000010c426000, 0x000000010c6e6000, 0x000000010f426000)
 total_blobs=1045 nmethods=741 adapters=256 free_code_cache=46436Kb largest_free_block=47467840

Compilation events (10 events):
Event: 129.547 Thread 0x00007fc4c400c000  797             sun.reflect.annotation.AnnotationInvocationHandler::invoke (194 bytes)
Event: 129.590 Thread 0x00007fc4c400c000 nmethod 797 0x000000010c5f1d10 code [0x000000010c5f1fa0, 0x000000010c5f3440]
Event: 129.590 Thread 0x00007fc4c400c000  798             org.springframework.asm.ClassReader::<init> (211 bytes)
Event: 129.607 Thread 0x00007fc4c400c000 nmethod 798 0x000000010c607b10 code [0x000000010c607c80, 0x000000010c6080b8]
Event: 129.607 Thread 0x00007fc4c400c000  799             java.util.AbstractCollection::toArray (116 bytes)
Event: 129.613 Thread 0x00007fc4c400c000 nmethod 799 0x000000010c5e3850 code [0x000000010c5e39e0, 0x000000010c5e3d18]
Event: 129.613 Thread 0x00007fc4c400c000  800             org.springframework.asm.Type::a (251 bytes)
Event: 129.620 Thread 0x00007fc4c400c000 nmethod 800 0x000000010c6b7090 code [0x000000010c6b7340, 0x000000010c6b7848]
Event: 129.656 Thread 0x00007fc4c400c000  801             java.util.LinkedHashMap::get (25 bytes)
Event: 129.665 Thread 0x00007fc4c400c000 nmethod 801 0x000000010c5f1250 code [0x000000010c5f13e0, 0x000000010c5f18c8]

GC Heap History (10 events):
Event: 1.993 GC heap before
{Heap before GC invocations=4 (full 0):
 PSYoungGen      total 41280K, used 41280K [0x0000000145f00000, 0x000000014afa0000, 0x000000015eb00000)
  eden space 38144K, 100% used [0x0000000145f00000,0x0000000148440000,0x0000000148440000)
  from space 3136K, 100% used [0x0000000148440000,0x0000000148750000,0x0000000148750000)
  to   space 3136K, 0% used [0x000000014ac90000,0x000000014ac90000,0x000000014afa0000)
 ParOldGen       total 50688K, used 5314K [0x0000000114700000, 0x0000000117880000, 0x0000000145f00000)
  object space 50688K, 10% used [0x0000000114700000,0x0000000114c308a0,0x0000000117880000)
 PSPermGen       total 21248K, used 8342K [0x000000010f500000, 0x00000001109c0000, 0x0000000114700000)
  object space 21248K, 39% used [0x000000010f500000,0x000000010fd259d8,0x00000001109c0000)
Event: 2.007 GC heap after
Heap after GC invocations=4 (full 0):
 PSYoungGen      total 79424K, used 3136K [0x0000000145f00000, 0x000000014afa0000, 0x000000015eb00000)
  eden space 76288K, 0% used [0x0000000145f00000,0x0000000145f00000,0x000000014a980000)
  from space 3136K, 100% used [0x000000014ac90000,0x000000014afa0000,0x000000014afa0000)
  to   space 3136K, 0% used [0x000000014a980000,0x000000014a980000,0x000000014ac90000)
 ParOldGen       total 50688K, used 8749K [0x0000000114700000, 0x0000000117880000, 0x0000000145f00000)
  object space 50688K, 17% used [0x0000000114700000,0x0000000114f8b518,0x0000000117880000)
 PSPermGen       total 21248K, used 8342K [0x000000010f500000, 0x00000001109c0000, 0x0000000114700000)
  object space 21248K, 39% used [0x000000010f500000,0x000000010fd259d8,0x00000001109c0000)
}
Event: 2.697 GC heap before
{Heap before GC invocations=5 (full 0):
 PSYoungGen      total 79424K, used 79424K [0x0000000145f00000, 0x000000014afa0000, 0x000000015eb00000)
  eden space 76288K, 100% used [0x0000000145f00000,0x000000014a980000,0x000000014a980000)
  from space 3136K, 100% used [0x000000014ac90000,0x000000014afa0000,0x000000014afa0000)
  to   space 3136K, 0% used [0x000000014a980000,0x000000014a980000,0x000000014ac90000)
 ParOldGen       total 50688K, used 8749K [0x0000000114700000, 0x0000000117880000, 0x0000000145f00000)
  object space 50688K, 17% used [0x0000000114700000,0x0000000114f8b518,0x0000000117880000)
 PSPermGen       total 21248K, used 8823K [0x000000010f500000, 0x00000001109c0000, 0x0000000114700000)
  object space 21248K, 41% used [0x000000010f500000,0x000000010fd9de70,0x00000001109c0000)
Event: 2.717 GC heap after
Heap after GC invocations=5 (full 0):
 PSYoungGen      total 79424K, used 3104K [0x0000000145f00000, 0x00000001507e0000, 0x000000015eb00000)
  eden space 76288K, 0% used [0x0000000145f00000,0x0000000145f00000,0x000000014a980000)
  from space 3136K, 98% used [0x000000014a980000,0x000000014ac88020,0x000000014ac90000)
  to   space 10176K, 0% used [0x000000014fdf0000,0x000000014fdf0000,0x00000001507e0000)
 ParOldGen       total 50688K, used 15356K [0x0000000114700000, 0x0000000117880000, 0x0000000145f00000)
  object space 50688K, 30% used [0x0000000114700000,0x00000001155ff340,0x0000000117880000)
 PSPermGen       total 21248K, used 8823K [0x000000010f500000, 0x00000001109c0000, 0x0000000114700000)
  object space 21248K, 41% used [0x000000010f500000,0x000000010fd9de70,0x00000001109c0000)
}
Event: 3.482 GC heap before
{Heap before GC invocations=6 (full 0):
 PSYoungGen      total 79424K, used 79392K [0x0000000145f00000, 0x00000001507e0000, 0x000000015eb00000)
  eden space 76288K, 100% used [0x0000000145f00000,0x000000014a980000,0x000000014a980000)
  from space 3136K, 98% used [0x000000014a980000,0x000000014ac88020,0x000000014ac90000)
  to   space 10176K, 0% used [0x000000014fdf0000,0x000000014fdf0000,0x00000001507e0000)
 ParOldGen       total 50688K, used 15356K [0x0000000114700000, 0x0000000117880000, 0x0000000145f00000)
  object space 50688K, 30% used [0x0000000114700000,0x00000001155ff340,0x0000000117880000)
 PSPermGen       total 21248K, used 8899K [0x000000010f500000, 0x00000001109c0000, 0x0000000114700000)
  object space 21248K, 41% used [0x000000010f500000,0x000000010fdb0fb0,0x00000001109c0000)
Event: 3.527 GC heap after
Heap after GC invocations=6 (full 0):
 PSYoungGen      total 160192K, used 10176K [0x0000000145f00000, 0x0000000150ce0000, 0x000000015eb00000)
  eden space 150016K, 0% used [0x0000000145f00000,0x0000000145f00000,0x000000014f180000)
  from space 10176K, 100% used [0x000000014fdf0000,0x00000001507e0000,0x00000001507e0000)
  to   space 12736K, 0% used [0x000000014f180000,0x000000014f180000,0x000000014fdf0000)
 ParOldGen       total 50688K, used 17029K [0x0000000114700000, 0x0000000117880000, 0x0000000145f00000)
  object space 50688K, 33% used [0x0000000114700000,0x00000001157a1450,0x0000000117880000)
 PSPermGen       total 21248K, used 8899K [0x000000010f500000, 0x00000001109c0000, 0x0000000114700000)
  object space 21248K, 41% used [0x000000010f500000,0x000000010fdb0fb0,0x00000001109c0000)
}
Event: 4.327 GC heap before
{Heap before GC invocations=7 (full 0):
 PSYoungGen      total 160192K, used 160192K [0x0000000145f00000, 0x0000000150ce0000, 0x000000015eb00000)
  eden space 150016K, 100% used [0x0000000145f00000,0x000000014f180000,0x000000014f180000)
  from space 10176K, 100% used [0x000000014fdf0000,0x00000001507e0000,0x00000001507e0000)
  to   space 12736K, 0% used [0x000000014f180000,0x000000014f180000,0x000000014fdf0000)
 ParOldGen       total 50688K, used 17029K [0x0000000114700000, 0x0000000117880000, 0x0000000145f00000)
  object space 50688K, 33% used [0x0000000114700000,0x00000001157a1450,0x0000000117880000)
 PSPermGen       total 21248K, used 9121K [0x000000010f500000, 0x00000001109c0000, 0x0000000114700000)
  object space 21248K, 42% used [0x000000010f500000,0x000000010fde87f0,0x00000001109c0000)
Event: 4.359 GC heap after
Heap after GC invocations=7 (full 0):
 PSYoungGen      total 162752K, used 12728K [0x0000000145f00000, 0x000000015a440000, 0x000000015eb00000)
  eden space 150016K, 0% used [0x0000000145f00000,0x0000000145f00000,0x000000014f180000)
  from space 12736K, 99% used [0x000000014f180000,0x000000014fdee2a0,0x000000014fdf0000)
  to   space 16512K, 0% used [0x0000000159420000,0x0000000159420000,0x000000015a440000)
 ParOldGen       total 50688K, used 20513K [0x0000000114700000, 0x0000000117880000, 0x0000000145f00000)
  object space 50688K, 40% used [0x0000000114700000,0x0000000115b08430,0x0000000117880000)
 PSPermGen       total 21248K, used 9121K [0x000000010f500000, 0x00000001109c0000, 0x0000000114700000)
  object space 21248K, 42% used [0x000000010f500000,0x000000010fde87f0,0x00000001109c0000)
}
Event: 6.558 GC heap before
{Heap before GC invocations=8 (full 0):
 PSYoungGen      total 162752K, used 162744K [0x0000000145f00000, 0x000000015a440000, 0x000000015eb00000)
  eden space 150016K, 100% used [0x0000000145f00000,0x000000014f180000,0x000000014f180000)
  from space 12736K, 99% used [0x000000014f180000,0x000000014fdee2a0,0x000000014fdf0000)
  to   space 16512K, 0% used [0x0000000159420000,0x0000000159420000,0x000000015a440000)
 ParOldGen       total 50688K, used 20513K [0x0000000114700000, 0x0000000117880000, 0x0000000145f00000)
  object space 50688K, 40% used [0x0000000114700000,0x0000000115b08430,0x0000000117880000)
 PSPermGen       total 21248K, used 19995K [0x000000010f500000, 0x00000001109c0000, 0x0000000114700000)
  object space 21248K, 94% used [0x000000010f500000,0x0000000110886e80,0x00000001109c0000)
Event: 6.615 GC heap after
Heap after GC invocations=8 (full 0):
 PSYoungGen      total 310464K, used 16493K [0x0000000145f00000, 0x000000015b020000, 0x000000015eb00000)
  eden space 293952K, 0% used [0x0000000145f00000,0x0000000145f00000,0x0000000157e10000)
  from space 16512K, 99% used [0x0000000159420000,0x000000015a43b7e8,0x000000015a440000)
  to   space 22592K, 0% used [0x0000000157e10000,0x0000000157e10000,0x0000000159420000)
 ParOldGen       total 50688K, used 28467K [0x0000000114700000, 0x0000000117880000, 0x0000000145f00000)
  object space 50688K, 56% used [0x0000000114700000,0x00000001162ccdb0,0x0000000117880000)
 PSPermGen       total 21248K, used 19995K [0x000000010f500000, 0x00000001109c0000, 0x0000000114700000)
  object space 21248K, 94% used [0x000000010f500000,0x0000000110886e80,0x00000001109c0000)
}

Deoptimization events (10 events):
Event: 129.152 Thread 0x00007fc4c577d800 Uncommon trap -58 fr.pc 0x000000010c578740
Event: 129.153 Thread 0x00007fc4c577d800 Uncommon trap -58 fr.pc 0x000000010c578740
Event: 129.153 Thread 0x00007fc4c577d800 Uncommon trap -58 fr.pc 0x000000010c5e8a44
Event: 129.153 Thread 0x00007fc4c577d800 Uncommon trap -58 fr.pc 0x000000010c578740
Event: 129.153 Thread 0x00007fc4c577d800 Uncommon trap -58 fr.pc 0x000000010c5e8a44
Event: 129.153 Thread 0x00007fc4c577d800 Uncommon trap -58 fr.pc 0x000000010c5e8a44
Event: 129.153 Thread 0x00007fc4c577d800 Uncommon trap -58 fr.pc 0x000000010c5e8a44
Event: 129.215 Thread 0x00007fc4c577d800 Uncommon trap -58 fr.pc 0x000000010c627504
Event: 129.671 Thread 0x00007fc4c577d800 Uncommon trap -58 fr.pc 0x000000010c5aee44
Event: 129.671 Thread 0x00007fc4c577d800 Uncommon trap -83 fr.pc 0x000000010c5d6838

Internal exceptions (10 events):
Event: 129.654 Thread 0x00007fc4c577d800 Threw 0x000000014c8d52c0 at /HUDSON/workspace/jdk7u21-2-build-macosx-amd64-product/jdk7u21/hotspot/src/share/vm/prims/jvm.cpp:1166
Event: 129.654 Thread 0x00007fc4c577d800 Threw 0x000000014c8d6e30 at /HUDSON/workspace/jdk7u21-2-build-macosx-amd64-product/jdk7u21/hotspot/src/share/vm/prims/jvm.cpp:1166
Event: 129.654 Thread 0x00007fc4c577d800 Threw 0x000000014c8d7610 at /HUDSON/workspace/jdk7u21-2-build-macosx-amd64-product/jdk7u21/hotspot/src/share/vm/prims/jvm.cpp:1166
Event: 129.654 Thread 0x00007fc4c577d800 Threw 0x000000014c8d7d48 at /HUDSON/workspace/jdk7u21-2-build-macosx-amd64-product/jdk7u21/hotspot/src/share/vm/prims/jvm.cpp:1166
Event: 129.654 Thread 0x00007fc4c577d800 Threw 0x000000014c8e0420 at /HUDSON/workspace/jdk7u21-2-build-macosx-amd64-product/jdk7u21/hotspot/src/share/vm/prims/jvm.cpp:1166
Event: 129.654 Thread 0x00007fc4c577d800 Threw 0x000000014c8e26f0 at /HUDSON/workspace/jdk7u21-2-build-macosx-amd64-product/jdk7u21/hotspot/src/share/vm/prims/jvm.cpp:1166
Event: 129.654 Thread 0x00007fc4c577d800 Threw 0x000000014c8e7670 at /HUDSON/workspace/jdk7u21-2-build-macosx-amd64-product/jdk7u21/hotspot/src/share/vm/prims/jvm.cpp:1166
Event: 129.654 Thread 0x00007fc4c577d800 Threw 0x000000014c8e7e50 at /HUDSON/workspace/jdk7u21-2-build-macosx-amd64-product/jdk7u21/hotspot/src/share/vm/prims/jvm.cpp:1166
Event: 129.655 Thread 0x00007fc4c577d800 Threw 0x000000014c8e8588 at /HUDSON/workspace/jdk7u21-2-build-macosx-amd64-product/jdk7u21/hotspot/src/share/vm/prims/jvm.cpp:1166
Event: 129.655 Thread 0x00007fc4c577d800 Threw 0x000000014c8f0be8 at /HUDSON/workspace/jdk7u21-2-build-macosx-amd64-product/jdk7u21/hotspot/src/share/vm/prims/jvm.cpp:1166

Events (10 events):
Event: 129.654 loading class 0x00007fc4c30c7a40
Event: 129.654 loading class 0x00007fc4c30c7a40 done
Event: 129.654 loading class 0x00007fc4c30c7a40
Event: 129.654 loading class 0x00007fc4c30c7a40 done
Event: 129.654 loading class 0x00007fc4c30c7a40
Event: 129.655 loading class 0x00007fc4c30c7a40 done
Event: 129.671 Thread 0x00007fc4c577d800 DEOPT PACKING pc=0x000000010c5aee44 sp=0x00000001657e2520
Event: 129.671 Thread 0x00007fc4c577d800 DEOPT UNPACKING pc=0x000000010c45f145 sp=0x00000001657e24e8 mode 2
Event: 129.671 Thread 0x00007fc4c577d800 DEOPT PACKING pc=0x000000010c5d6838 sp=0x00000001657e2450
Event: 129.671 Thread 0x00007fc4c577d800 DEOPT UNPACKING pc=0x000000010c45f145 sp=0x00000001657e2410 mode 2


Dynamic libraries:
0x0000000009109000 	/System/Library/Frameworks/Cocoa.framework/Versions/A/Cocoa
0x0000000009109000 	/System/Library/Frameworks/Security.framework/Versions/A/Security
0x0000000009109000 	/System/Library/Frameworks/ApplicationServices.framework/Versions/A/ApplicationServices
0x0000000009109000 	/usr/lib/libz.1.dylib
0x0000000009109000 	/usr/lib/libSystem.B.dylib
0x0000000009109000 	/usr/lib/libobjc.A.dylib
0x0000000009109000 	/System/Library/Frameworks/CoreFoundation.framework/Versions/A/CoreFoundation
0x0000000009109000 	/System/Library/Frameworks/AppKit.framework/Versions/C/AppKit
0x0000000009109000 	/System/Library/Frameworks/CoreData.framework/Versions/A/CoreData
0x0000000009109000 	/System/Library/Frameworks/Foundation.framework/Versions/C/Foundation
0x0000000009109000 	/System/Library/PrivateFrameworks/RemoteViewServices.framework/Versions/A/RemoteViewServices
0x0000000009109000 	/System/Library/Frameworks/AudioToolbox.framework/Versions/A/AudioToolbox
0x0000000009109000 	/System/Library/Frameworks/AudioUnit.framework/Versions/A/AudioUnit
0x0000000009109000 	/System/Library/PrivateFrameworks/DataDetectorsCore.framework/Versions/A/DataDetectorsCore
0x0000000009109000 	/System/Library/PrivateFrameworks/DesktopServicesPriv.framework/Versions/A/DesktopServicesPriv
0x0000000009109000 	/System/Library/Frameworks/Carbon.framework/Versions/A/Frameworks/HIToolbox.framework/Versions/A/HIToolbox
0x0000000009109000 	/System/Library/Frameworks/QuartzCore.framework/Versions/A/QuartzCore
0x0000000009109000 	/System/Library/Frameworks/Carbon.framework/Versions/A/Frameworks/SpeechRecognition.framework/Versions/A/SpeechRecognition
0x0000000009109000 	/usr/lib/libauto.dylib
0x0000000009109000 	/usr/lib/libicucore.A.dylib
0x0000000009109000 	/usr/lib/libxml2.2.dylib
0x0000000009109000 	/System/Library/PrivateFrameworks/CoreUI.framework/Versions/A/CoreUI
0x0000000009109000 	/System/Library/Frameworks/CoreAudio.framework/Versions/A/CoreAudio
0x0000000009109000 	/System/Library/Frameworks/DiskArbitration.framework/Versions/A/DiskArbitration
0x0000000009109000 	/usr/lib/liblangid.dylib
0x0000000009109000 	/System/Library/PrivateFrameworks/MultitouchSupport.framework/Versions/A/MultitouchSupport
0x0000000009109000 	/System/Library/Frameworks/IOKit.framework/Versions/A/IOKit
0x0000000009109000 	/usr/lib/libDiagnosticMessagesClient.dylib
0x0000000009109000 	/System/Library/Frameworks/CoreServices.framework/Versions/A/CoreServices
0x0000000009109000 	/System/Library/PrivateFrameworks/PerformanceAnalysis.framework/Versions/A/PerformanceAnalysis
0x0000000009109000 	/System/Library/PrivateFrameworks/GenerationalStorage.framework/Versions/A/GenerationalStorage
0x0000000009109000 	/System/Library/Frameworks/OpenGL.framework/Versions/A/OpenGL
0x0000000009109000 	/System/Library/Frameworks/CoreText.framework/Versions/A/CoreText
0x0000000009109000 	/System/Library/Frameworks/ImageIO.framework/Versions/A/ImageIO
0x0000000009109000 	/System/Library/PrivateFrameworks/Backup.framework/Versions/A/Backup
0x0000000009109000 	/System/Library/Frameworks/CFNetwork.framework/Versions/A/CFNetwork
0x0000000009109000 	/System/Library/Frameworks/SystemConfiguration.framework/Versions/A/SystemConfiguration
0x0000000009109000 	/usr/lib/libCRFSuite.dylib
0x0000000009109000 	/System/Library/PrivateFrameworks/TCC.framework/Versions/A/TCC
0x0000000009109000 	/usr/lib/libc++.1.dylib
0x0000000009109000 	/usr/lib/libc++abi.dylib
0x0000000009109000 	/usr/lib/system/libcache.dylib
0x0000000009109000 	/usr/lib/system/libcommonCrypto.dylib
0x0000000009109000 	/usr/lib/system/libcompiler_rt.dylib
0x0000000009109000 	/usr/lib/system/libcopyfile.dylib
0x0000000009109000 	/usr/lib/system/libdispatch.dylib
0x0000000009109000 	/usr/lib/system/libdnsinfo.dylib
0x0000000009109000 	/usr/lib/system/libdyld.dylib
0x0000000009109000 	/usr/lib/system/libkeymgr.dylib
0x0000000009109000 	/usr/lib/system/liblaunch.dylib
0x0000000009109000 	/usr/lib/system/libmacho.dylib
0x0000000009109000 	/usr/lib/system/libquarantine.dylib
0x0000000009109000 	/usr/lib/system/libremovefile.dylib
0x0000000009109000 	/usr/lib/system/libsystem_blocks.dylib
0x0000000009109000 	/usr/lib/system/libsystem_c.dylib
0x0000000009109000 	/usr/lib/system/libsystem_dnssd.dylib
0x0000000009109000 	/usr/lib/system/libsystem_info.dylib
0x0000000009109000 	/usr/lib/system/libsystem_kernel.dylib
0x0000000009109000 	/usr/lib/system/libsystem_m.dylib
0x0000000009109000 	/usr/lib/system/libsystem_network.dylib
0x0000000009109000 	/usr/lib/system/libsystem_notify.dylib
0x0000000009109000 	/usr/lib/system/libsystem_sandbox.dylib
0x0000000009109000 	/usr/lib/system/libunc.dylib
0x0000000009109000 	/usr/lib/system/libunwind.dylib
0x0000000009109000 	/usr/lib/system/libxpc.dylib
0x0000000009109000 	/usr/lib/system/libcorecrypto.dylib
0x0000000009109000 	/usr/lib/libstdc++.6.dylib
0x0000000009109000 	/usr/lib/libbsm.0.dylib
0x0000000009109000 	/usr/lib/libsqlite3.dylib
0x0000000009109000 	/usr/lib/libxar.1.dylib
0x0000000009109000 	/usr/lib/libpam.2.dylib
0x0000000009109000 	/usr/lib/libOpenScriptingUtil.dylib
0x0000000009109000 	/usr/lib/libbz2.1.0.dylib
0x0000000009109000 	/System/Library/Frameworks/CoreServices.framework/Versions/A/Frameworks/CarbonCore.framework/Versions/A/CarbonCore
0x0000000009109000 	/System/Library/Frameworks/CoreServices.framework/Versions/A/Frameworks/Metadata.framework/Versions/A/Metadata
0x0000000009109000 	/System/Library/Frameworks/CoreServices.framework/Versions/A/Frameworks/OSServices.framework/Versions/A/OSServices
0x0000000009109000 	/System/Library/Frameworks/CoreServices.framework/Versions/A/Frameworks/SearchKit.framework/Versions/A/SearchKit
0x0000000009109000 	/System/Library/Frameworks/CoreServices.framework/Versions/A/Frameworks/AE.framework/Versions/A/AE
0x0000000009109000 	/System/Library/Frameworks/CoreServices.framework/Versions/A/Frameworks/LaunchServices.framework/Versions/A/LaunchServices
0x0000000009109000 	/System/Library/Frameworks/CoreServices.framework/Versions/A/Frameworks/DictionaryServices.framework/Versions/A/DictionaryServices
0x0000000009109000 	/System/Library/Frameworks/NetFS.framework/Versions/A/NetFS
0x0000000009109000 	/usr/lib/system/libkxld.dylib
0x0000000009109000 	/System/Library/PrivateFrameworks/NetAuth.framework/Versions/A/NetAuth
0x0000000009109000 	/System/Library/Frameworks/OpenDirectory.framework/Versions/A/Frameworks/CFOpenDirectory.framework/Versions/A/CFOpenDirectory
0x0000000009109000 	/usr/lib/libxslt.1.dylib
0x0000000009109000 	/System/Library/PrivateFrameworks/FamilyControls.framework/Versions/A/FamilyControls
0x0000000009109000 	/System/Library/Frameworks/Carbon.framework/Versions/A/Frameworks/Ink.framework/Versions/A/Ink
0x0000000009109000 	/System/Library/Frameworks/ApplicationServices.framework/Versions/A/Frameworks/CoreGraphics.framework/Versions/A/CoreGraphics
0x0000000009109000 	/System/Library/Frameworks/ApplicationServices.framework/Versions/A/Frameworks/ATS.framework/Versions/A/ATS
0x0000000009109000 	/System/Library/Frameworks/ApplicationServices.framework/Versions/A/Frameworks/ColorSync.framework/Versions/A/ColorSync
0x0000000009109000 	/System/Library/Frameworks/ApplicationServices.framework/Versions/A/Frameworks/HIServices.framework/Versions/A/HIServices
0x0000000009109000 	/System/Library/Frameworks/ApplicationServices.framework/Versions/A/Frameworks/LangAnalysis.framework/Versions/A/LangAnalysis
0x0000000009109000 	/System/Library/Frameworks/ApplicationServices.framework/Versions/A/Frameworks/PrintCore.framework/Versions/A/PrintCore
0x0000000009109000 	/System/Library/Frameworks/ApplicationServices.framework/Versions/A/Frameworks/QD.framework/Versions/A/QD
0x0000000009109000 	/System/Library/Frameworks/ApplicationServices.framework/Versions/A/Frameworks/SpeechSynthesis.framework/Versions/A/SpeechSynthesis
0x0000000009109000 	/System/Library/Frameworks/IOSurface.framework/Versions/A/IOSurface
0x0000000009109000 	/System/Library/Frameworks/Accelerate.framework/Versions/A/Accelerate
0x0000000009109000 	/System/Library/Frameworks/ApplicationServices.framework/Versions/A/Frameworks/ATS.framework/Versions/A/Resources/libFontParser.dylib
0x0000000009109000 	/System/Library/Frameworks/ApplicationServices.framework/Versions/A/Frameworks/ATS.framework/Versions/A/Resources/libFontRegistry.dylib
0x0000000009109000 	/System/Library/Frameworks/Accelerate.framework/Versions/A/Frameworks/vImage.framework/Versions/A/vImage
0x0000000009109000 	/System/Library/Frameworks/Accelerate.framework/Versions/A/Frameworks/vecLib.framework/Versions/A/vecLib
0x0000000009109000 	/System/Library/Frameworks/Accelerate.framework/Versions/A/Frameworks/vecLib.framework/Versions/A/libvDSP.dylib
0x0000000009109000 	/System/Library/Frameworks/Accelerate.framework/Versions/A/Frameworks/vecLib.framework/Versions/A/libvMisc.dylib
0x0000000009109000 	/System/Library/Frameworks/Accelerate.framework/Versions/A/Frameworks/vecLib.framework/Versions/A/libLAPACK.dylib
0x0000000009109000 	/System/Library/Frameworks/Accelerate.framework/Versions/A/Frameworks/vecLib.framework/Versions/A/libBLAS.dylib
0x0000000009109000 	/System/Library/Frameworks/ImageIO.framework/Versions/A/Resources/libJPEG.dylib
0x0000000009109000 	/System/Library/Frameworks/ImageIO.framework/Versions/A/Resources/libTIFF.dylib
0x0000000009109000 	/System/Library/Frameworks/ImageIO.framework/Versions/A/Resources/libPng.dylib
0x0000000009109000 	/System/Library/Frameworks/ImageIO.framework/Versions/A/Resources/libGIF.dylib
0x0000000009109000 	/System/Library/Frameworks/ImageIO.framework/Versions/A/Resources/libJP2.dylib
0x0000000009109000 	/System/Library/Frameworks/ImageIO.framework/Versions/A/Resources/libRadiance.dylib
0x0000000009109000 	/usr/lib/libcups.2.dylib
0x0000000009109000 	/System/Library/Frameworks/Kerberos.framework/Versions/A/Kerberos
0x0000000009109000 	/System/Library/Frameworks/GSS.framework/Versions/A/GSS
0x0000000009109000 	/usr/lib/libresolv.9.dylib
0x0000000009109000 	/usr/lib/libiconv.2.dylib
0x0000000009109000 	/System/Library/PrivateFrameworks/Heimdal.framework/Versions/A/Heimdal
0x0000000009109000 	/System/Library/PrivateFrameworks/TrustEvaluationAgent.framework/Versions/A/TrustEvaluationAgent
0x0000000009109000 	/System/Library/Frameworks/OpenDirectory.framework/Versions/A/OpenDirectory
0x0000000009109000 	/System/Library/PrivateFrameworks/CommonAuth.framework/Versions/A/CommonAuth
0x0000000009109000 	/System/Library/PrivateFrameworks/Bom.framework/Versions/A/Bom
0x0000000009109000 	/System/Library/Frameworks/CoreVideo.framework/Versions/A/CoreVideo
0x0000000009109000 	/System/Library/Frameworks/QuartzCore.framework/Versions/A/Frameworks/CoreImage.framework/Versions/A/CoreImage
0x0000000009109000 	/System/Library/Frameworks/QuartzCore.framework/Versions/A/Frameworks/ScalableUserInterface.framework/Versions/A/ScalableUserInterface
0x0000000009109000 	/System/Library/Frameworks/OpenGL.framework/Versions/A/Libraries/libGLU.dylib
0x0000000009109000 	/System/Library/Frameworks/OpenGL.framework/Versions/A/Libraries/libGFXShared.dylib
0x0000000009109000 	/System/Library/Frameworks/OpenGL.framework/Versions/A/Libraries/libGL.dylib
0x0000000009109000 	/System/Library/Frameworks/OpenGL.framework/Versions/A/Libraries/libGLImage.dylib
0x0000000009109000 	/System/Library/Frameworks/OpenGL.framework/Versions/A/Libraries/libCVMSPluginSupport.dylib
0x0000000009109000 	/System/Library/Frameworks/OpenGL.framework/Versions/A/Libraries/libCoreVMClient.dylib
0x0000000009109000 	/System/Library/PrivateFrameworks/CrashReporterSupport.framework/Versions/A/CrashReporterSupport
0x0000000009109000 	/System/Library/Frameworks/OpenCL.framework/Versions/A/OpenCL
0x0000000009109000 	/System/Library/PrivateFrameworks/FaceCoreLight.framework/Versions/A/FaceCoreLight
0x0000000009109000 	/System/Library/PrivateFrameworks/AppleFSCompression.framework/Versions/A/AppleFSCompression
0x0000000009109000 	/System/Library/PrivateFrameworks/Ubiquity.framework/Versions/A/Ubiquity
0x0000000009109000 	/System/Library/Frameworks/ServiceManagement.framework/Versions/A/ServiceManagement
0x0000000009109000 	/System/Library/PrivateFrameworks/ChunkingLibrary.framework/Versions/A/ChunkingLibrary
0x0000000009109000 	/System/Library/Frameworks/vecLib.framework/Versions/A/vecLib
0x0000000009109000 	/System/Library/Frameworks/SecurityFoundation.framework/Versions/A/SecurityFoundation
0x0000000009109000 	/System/Library/PrivateFrameworks/CommerceKit.framework/Versions/A/Frameworks/CommerceCore.framework/Versions/A/CommerceCore
0x0000000009109000 	/System/Library/PrivateFrameworks/CoreSymbolication.framework/Versions/A/CoreSymbolication
0x0000000009109000 	/System/Library/PrivateFrameworks/Symbolication.framework/Versions/A/Symbolication
0x0000000009109000 	/System/Library/PrivateFrameworks/DebugSymbols.framework/Versions/A/DebugSymbols
0x000000010b6b1000 	/System/Library/CoreServices/Encodings/libSimplifiedChineseConverter.dylib
0x000000010b7a7000 	/Library/Java/JavaVirtualMachines/jdk1.7.0_21.jdk/Contents/Home/jre/lib/server/libjvm.dylib
0x000000010c353000 	/Library/Java/JavaVirtualMachines/jdk1.7.0_21.jdk/Contents/Home/jre/lib/libverify.dylib
0x000000010c360000 	/Library/Java/JavaVirtualMachines/jdk1.7.0_21.jdk/Contents/Home/jre/lib/libjava.dylib
0x000000010c41d000 	/Library/Java/JavaVirtualMachines/jdk1.7.0_21.jdk/Contents/Home/jre/lib/libzip.dylib
0x0000000163a05000 	/System/Library/Frameworks/JavaVM.framework/Frameworks/JavaRuntimeSupport.framework/JavaRuntimeSupport
0x0000000163a1d000 	/System/Library/Frameworks/JavaVM.framework/Versions/A/Frameworks/JavaNativeFoundation.framework/Versions/A/JavaNativeFoundation
0x0000000163a32000 	/System/Library/Frameworks/JavaVM.framework/Versions/A/JavaVM
0x0000000009109000 	/System/Library/Frameworks/Carbon.framework/Versions/A/Carbon
0x0000000163a3f000 	/System/Library/PrivateFrameworks/JavaLaunching.framework/Versions/A/JavaLaunching
0x0000000009109000 	/System/Library/Frameworks/Carbon.framework/Versions/A/Frameworks/CommonPanels.framework/Versions/A/CommonPanels
0x0000000009109000 	/System/Library/Frameworks/Carbon.framework/Versions/A/Frameworks/Help.framework/Versions/A/Help
0x0000000009109000 	/System/Library/Frameworks/Carbon.framework/Versions/A/Frameworks/ImageCapture.framework/Versions/A/ImageCapture
0x0000000009109000 	/System/Library/Frameworks/Carbon.framework/Versions/A/Frameworks/OpenScripting.framework/Versions/A/OpenScripting
0x0000000009109000 	/System/Library/Frameworks/Carbon.framework/Versions/A/Frameworks/Print.framework/Versions/A/Print
0x0000000009109000 	/System/Library/Frameworks/Carbon.framework/Versions/A/Frameworks/SecurityHI.framework/Versions/A/SecurityHI
0x000000016412c000 	/Applications/IntelliJ IDEA 12.app/bin/libbreakgen64.jnilib
0x0000000164232000 	/Library/Java/JavaVirtualMachines/jdk1.7.0_21.jdk/Contents/Home/jre/lib/libnet.dylib
0x00000001643a6000 	/Library/Java/JavaVirtualMachines/jdk1.7.0_21.jdk/Contents/Home/jre/lib/libnio.dylib

VM Arguments:
jvm_args: -Dmaven.home=/Users/lg/opt/apache-maven-2.2.1 -Dclassworlds.conf=/Users/lg/opt/apache-maven-2.2.1/bin/m2.conf -Didea.launcher.port=7532 -Didea.launcher.bin.path=/Applications/IntelliJ IDEA 12.app/bin -Dfile.encoding=UTF-8 
java_command: com.intellij.rt.execution.application.AppMain org.codehaus.classworlds.Launcher --no-plugin-registry --fail-fast --strict-checksums org.mortbay.jetty:maven-jetty-plugin:6.1.26:run
Launcher Type: SUN_STANDARD

Environment Variables:
PATH=/usr/bin:/bin:/usr/sbin:/sbin
SHELL=/bin/bash
DISPLAY=/tmp/launch-RrC7te/org.macosforge.xquartz:0

Signal Handlers:
SIGSEGV: [libjvm.dylib+0x4a4e2d], sa_mask[0]=0xfffefeff, sa_flags=0x00000042
SIGBUS: [libjvm.dylib+0x4a4e2d], sa_mask[0]=0xfffefeff, sa_flags=0x00000042
SIGFPE: [libjvm.dylib+0x3b4729], sa_mask[0]=0xfffefeff, sa_flags=0x00000042
SIGPIPE: [libjvm.dylib+0x3b4729], sa_mask[0]=0xfffefeff, sa_flags=0x00000042
SIGXFSZ: [libjvm.dylib+0x3b4729], sa_mask[0]=0xfffefeff, sa_flags=0x00000042
SIGILL: [libjvm.dylib+0x3b4729], sa_mask[0]=0xfffefeff, sa_flags=0x00000042
SIGUSR1: SIG_DFL, sa_mask[0]=0x00000000, sa_flags=0x00000002
SIGUSR2: [libjvm.dylib+0x3b42c2], sa_mask[0]=0x00000004, sa_flags=0x00000042
SIGHUP: [libjvm.dylib+0x3b2523], sa_mask[0]=0xfffefeff, sa_flags=0x00000042
SIGINT: [libjvm.dylib+0x3b2523], sa_mask[0]=0xfffefeff, sa_flags=0x00000042
SIGTERM: [libjvm.dylib+0x3b2523], sa_mask[0]=0xfffefeff, sa_flags=0x00000042
SIGQUIT: [libjvm.dylib+0x3b2523], sa_mask[0]=0xfffefeff, sa_flags=0x00000042


---------------  S Y S T E M  ---------------

OS:Bsduname:Darwin 12.3.0 Darwin Kernel Version 12.3.0: Sun Jan  6 22:37:10 PST 2013; root:xnu-2050.22.13~1/RELEASE_X86_64 x86_64
rlimit: STACK 8192k, CORE 0k, NPROC 709, NOFILE 10240, AS infinity
load average:4.28 3.22 2.83

CPU:total 4 (2 cores per cpu, 2 threads per core) family 6 model 42 stepping 7, cmov, cx8, fxsr, mmx, sse, sse2, sse3, ssse3, sse4.1, sse4.2, popcnt, avx, ht, tsc, tscinvbit

Memory: 4k page, physical 4863132k(1215783k free)

/proc/meminfo:


vm_info: Java HotSpot(TM) 64-Bit Server VM (23.21-b01) for bsd-amd64 JRE (1.7.0_21-b12), built on Apr  7 2013 14:55:50 by "java_re" with gcc 4.2.1 (Based on Apple Inc. build 5658) (LLVM build 2336.11.00)

time: Thu May 16 16:53:47 2013
elapsed time: 129 seconds

